#
# There is insufficient memory for the Java Runtime Environment to continue.
# Native memory allocation (malloc) failed to allocate 1333568 bytes. Error detail: Chunk::new
# Possible reasons:
#   The system is out of physical RAM or swap space
#   This process is running with CompressedOops enabled, and the Java Heap may be blocking the growth of the native heap
# Possible solutions:
#   Reduce memory load on the system
#   Increase physical memory or swap space
#   Check if swap backing store is full
#   Decrease Java heap size (-Xmx/-Xms)
#   Decrease number of Java threads
#   Decrease Java thread stack sizes (-Xss)
#   Set larger code cache with -XX:ReservedCodeCacheSize=
#   JVM is running with Unscaled Compressed Oops mode in which the Java heap is
#     placed in the first 4GB address space. The Java Heap base address is the
#     maximum limit for the native heap growth. Please use -XX:HeapBaseMinAddress
#     to set the Java Heap base and to place the Java Heap above 4GB virtual address.
# This output file may be truncated or incomplete.
#
#  Out of Memory Error (arena.cpp:168), pid=14332, tid=2876
#
# JRE version: OpenJDK Runtime Environment (21.0.3) (build 21.0.3+-12282718-b509.11)
# Java VM: OpenJDK 64-Bit Server VM (21.0.3+-12282718-b509.11, mixed mode, tiered, compressed oops, compressed class ptrs, g1 gc, windows-amd64)
# No core dump will be written. Minidumps are not enabled by default on client versions of Windows
#

---------------  S U M M A R Y ------------

Command Line: --add-opens=java.base/java.util=ALL-UNNAMED --add-opens=java.base/java.lang=ALL-UNNAMED --add-opens=java.base/java.lang.invoke=ALL-UNNAMED --add-opens=java.prefs/java.util.prefs=ALL-UNNAMED --add-exports=jdk.compiler/com.sun.tools.javac.api=ALL-UNNAMED --add-exports=jdk.compiler/com.sun.tools.javac.util=ALL-UNNAMED --add-opens=java.base/java.nio.charset=ALL-UNNAMED --add-opens=java.base/java.net=ALL-UNNAMED --add-opens=java.base/java.util.concurrent.atomic=ALL-UNNAMED -Xmx2048m -Dfile.encoding=UTF-8 -Duser.country=IN -Duser.language=en -Duser.variant -javaagent:C:\Users\Azlan\.gradle\wrapper\dists\gradle-8.9-bin\90cnw93cvbtalezasaz0blq0a\gradle-8.9\lib\agents\gradle-instrumentation-agent-8.9.jar org.gradle.launcher.daemon.bootstrap.GradleDaemon 8.9

Host: Intel(R) Core(TM) i7-10750H CPU @ 2.60GHz, 12 cores, 15G,  Windows 10 , 64 bit Build 19041 (10.0.19041.5438)
Time: Tue Apr  8 14:50:59 2025 India Standard Time elapsed time: 61.434760 seconds (0d 0h 1m 1s)

---------------  T H R E A D  ---------------

Current thread (0x0000013b1614aed0):  JavaThread "C2 CompilerThread0" daemon [_thread_in_native, id=2876, stack(0x0000000ee4f00000,0x0000000ee5000000) (1024K)]


Current CompileTask:
C2:  61434 14078       4       org.gradle.api.internal.attributes.DefaultAttributesSchema$DefaultAttributeSelectionSchema::matchValue (140 bytes)

Stack: [0x0000000ee4f00000,0x0000000ee5000000]
Native frames: (J=compiled Java code, j=interpreted, Vv=VM code, C=native code)
V  [jvm.dll+0x6cafb9]
V  [jvm.dll+0x858523]
V  [jvm.dll+0x85aa7e]
V  [jvm.dll+0x85b163]
V  [jvm.dll+0x27d356]
V  [jvm.dll+0xbf93d]
V  [jvm.dll+0xbfe73]
V  [jvm.dll+0x3b1ceb]
V  [jvm.dll+0x37e787]
V  [jvm.dll+0x37dbfa]
V  [jvm.dll+0x246b02]
V  [jvm.dll+0x2460d1]
V  [jvm.dll+0x1c5804]
V  [jvm.dll+0x25575c]
V  [jvm.dll+0x253c36]
V  [jvm.dll+0x3ec996]
V  [jvm.dll+0x800d78]
V  [jvm.dll+0x6c98cd]
C  [ucrtbase.dll+0x21bb2]
C  [KERNEL32.DLL+0x17374]
C  [ntdll.dll+0x4cc91]


---------------  P R O C E S S  ---------------

Threads class SMR info:
_java_thread_list=0x0000013b1cf4aa70, length=61, elements={
0x0000013b7bdb78f0, 0x0000013b16168fa0, 0x0000013b1616b8e0, 0x0000013b161576d0,
0x0000013b16158130, 0x0000013b16149ad0, 0x0000013b1614a140, 0x0000013b1614aed0,
0x0000013b16180460, 0x0000013b162960e0, 0x0000013b166ba630, 0x0000013b1b3f7ec0,
0x0000013b1b3f7830, 0x0000013b1b3f8550, 0x0000013b1b3f50d0, 0x0000013b1b3f5df0,
0x0000013b1c690500, 0x0000013b1c6946a0, 0x0000013b1c692c60, 0x0000013b1c691f40,
0x0000013b1c695a50, 0x0000013b1c6953c0, 0x0000013b1ea0a050, 0x0000013b1fedb870,
0x0000013b20230410, 0x0000013b23158610, 0x0000013b23153de0, 0x0000013b23158ca0,
0x0000013b23155190, 0x0000013b23155820, 0x0000013b23156540, 0x0000013b23157260,
0x0000013b2315a6e0, 0x0000013b23156bd0, 0x0000013b23155eb0, 0x0000013b23154470,
0x0000013b20225ca0, 0x0000013b20224830, 0x0000013b20b604e0, 0x0000013b20b61200,
0x0000013b20b653a0, 0x0000013b20b5f7c0, 0x0000013b20b5f130, 0x0000013b20b63960,
0x0000013b20b61890, 0x0000013b20b632d0, 0x0000013b20b60b70, 0x0000013b20b63ff0,
0x0000013b20b64d10, 0x0000013b20b65a30, 0x0000013b1ea0c7b0, 0x0000013b1ea09330,
0x0000013b1ea0ce40, 0x0000013b1ea0ba90, 0x0000013b1ea07260, 0x0000013b1ea07f80,
0x0000013b1ea0db60, 0x0000013b1ea099c0, 0x0000013b1ea08ca0, 0x0000013b1ea0d4d0,
0x0000013b1ea0ad70
}

Java Threads: ( => current thread )
  0x0000013b7bdb78f0 JavaThread "main"                              [_thread_blocked, id=21844, stack(0x0000000ee4100000,0x0000000ee4200000) (1024K)]
  0x0000013b16168fa0 JavaThread "Reference Handler"          daemon [_thread_blocked, id=22884, stack(0x0000000ee4900000,0x0000000ee4a00000) (1024K)]
  0x0000013b1616b8e0 JavaThread "Finalizer"                  daemon [_thread_blocked, id=17492, stack(0x0000000ee4a00000,0x0000000ee4b00000) (1024K)]
  0x0000013b161576d0 JavaThread "Signal Dispatcher"          daemon [_thread_blocked, id=25784, stack(0x0000000ee4b00000,0x0000000ee4c00000) (1024K)]
  0x0000013b16158130 JavaThread "Attach Listener"            daemon [_thread_blocked, id=22192, stack(0x0000000ee4c00000,0x0000000ee4d00000) (1024K)]
  0x0000013b16149ad0 JavaThread "Service Thread"             daemon [_thread_blocked, id=20848, stack(0x0000000ee4d00000,0x0000000ee4e00000) (1024K)]
  0x0000013b1614a140 JavaThread "Monitor Deflation Thread"   daemon [_thread_blocked, id=16676, stack(0x0000000ee4e00000,0x0000000ee4f00000) (1024K)]
=>0x0000013b1614aed0 JavaThread "C2 CompilerThread0"         daemon [_thread_in_native, id=2876, stack(0x0000000ee4f00000,0x0000000ee5000000) (1024K)]
  0x0000013b16180460 JavaThread "C1 CompilerThread0"         daemon [_thread_in_native, id=18648, stack(0x0000000ee5000000,0x0000000ee5100000) (1024K)]
  0x0000013b162960e0 JavaThread "Common-Cleaner"             daemon [_thread_blocked, id=19588, stack(0x0000000ee5100000,0x0000000ee5200000) (1024K)]
  0x0000013b166ba630 JavaThread "Notification Thread"        daemon [_thread_blocked, id=15440, stack(0x0000000ee5200000,0x0000000ee5300000) (1024K)]
  0x0000013b1b3f7ec0 JavaThread "Daemon health stats"               [_thread_blocked, id=12164, stack(0x0000000ee5400000,0x0000000ee5500000) (1024K)]
  0x0000013b1b3f7830 JavaThread "Incoming local TCP Connector on port 58157"        [_thread_in_native, id=26052, stack(0x0000000ee5a00000,0x0000000ee5b00000) (1024K)]
  0x0000013b1b3f8550 JavaThread "Daemon periodic checks"            [_thread_blocked, id=4660, stack(0x0000000ee5b00000,0x0000000ee5c00000) (1024K)]
  0x0000013b1b3f50d0 JavaThread "Daemon"                            [_thread_blocked, id=16324, stack(0x0000000ee5c00000,0x0000000ee5d00000) (1024K)]
  0x0000013b1b3f5df0 JavaThread "Daemon worker"                     [_thread_blocked, id=8012, stack(0x0000000ee5f00000,0x0000000ee6000000) (1024K)]
  0x0000013b1c690500 JavaThread "Cache worker for journal cache (C:\Users\Azlan\.gradle\caches\journal-1)"        [_thread_blocked, id=15984, stack(0x0000000ee6900000,0x0000000ee6a00000) (1024K)]
  0x0000013b1c6946a0 JavaThread "File lock request listener"        [_thread_in_native, id=18996, stack(0x0000000ee6a00000,0x0000000ee6b00000) (1024K)]
  0x0000013b1c692c60 JavaThread "Cache worker for file hash cache (C:\Users\Azlan\.gradle\caches\8.9\fileHashes)"        [_thread_blocked, id=12604, stack(0x0000000ee6b00000,0x0000000ee6c00000) (1024K)]
  0x0000013b1c691f40 JavaThread "File watcher server"        daemon [_thread_in_native, id=25380, stack(0x0000000ee6f00000,0x0000000ee7000000) (1024K)]
  0x0000013b1c695a50 JavaThread "File watcher consumer"      daemon [_thread_blocked, id=8704, stack(0x0000000ee7000000,0x0000000ee7100000) (1024K)]
  0x0000013b1c6953c0 JavaThread "Cache worker for file content cache (C:\Users\Azlan\.gradle\caches\8.9\fileContent)"        [_thread_blocked, id=15876, stack(0x0000000ee7100000,0x0000000ee7200000) (1024K)]
  0x0000013b1ea0a050 JavaThread "Memory manager"                    [_thread_blocked, id=20652, stack(0x0000000ee9600000,0x0000000ee9700000) (1024K)]
  0x0000013b1fedb870 JavaThread "pool-3-thread-1"                   [_thread_blocked, id=19092, stack(0x0000000ee9800000,0x0000000ee9900000) (1024K)]
  0x0000013b20230410 JavaThread "included builds"                   [_thread_blocked, id=19440, stack(0x0000000ee9a00000,0x0000000ee9b00000) (1024K)]
  0x0000013b23158610 JavaThread "VFS cleanup"                       [_thread_blocked, id=18592, stack(0x0000000ee6000000,0x0000000ee6100000) (1024K)]
  0x0000013b23153de0 JavaThread "Handler for socket connection from /127.0.0.1:58157 to /127.0.0.1:58226"        [_thread_in_native, id=18324, stack(0x0000000ee3e00000,0x0000000ee3f00000) (1024K)]
  0x0000013b23158ca0 JavaThread "Cancel handler"                    [_thread_blocked, id=26172, stack(0x0000000ee3f00000,0x0000000ee4000000) (1024K)]
  0x0000013b23155190 JavaThread "Asynchronous log dispatcher for DefaultDaemonConnection: socket connection from /127.0.0.1:58157 to /127.0.0.1:58226"        [_thread_blocked, id=2208, stack(0x0000000ee4000000,0x0000000ee4100000) (1024K)]
  0x0000013b23155820 JavaThread "Stdin handler"                     [_thread_blocked, id=25976, stack(0x0000000ee5300000,0x0000000ee5400000) (1024K)]
  0x0000013b23156540 JavaThread "Daemon client event forwarder"        [_thread_blocked, id=24608, stack(0x0000000ee5d00000,0x0000000ee5e00000) (1024K)]
  0x0000013b23157260 JavaThread "Cache worker for file hash cache (C:\Users\Azlan\AndroidStudioProjects\LoginPage\.gradle\8.9\fileHashes)"        [_thread_blocked, id=9872, stack(0x0000000ee5e00000,0x0000000ee5f00000) (1024K)]
  0x0000013b2315a6e0 JavaThread "Cache worker for Build Output Cleanup Cache (C:\Users\Azlan\AndroidStudioProjects\LoginPage\.gradle\buildOutputCleanup)"        [_thread_blocked, id=8276, stack(0x0000000ee6100000,0x0000000ee6200000) (1024K)]
  0x0000013b23156bd0 JavaThread "Cache worker for checksums cache (C:\Users\Azlan\AndroidStudioProjects\LoginPage\.gradle\8.9\checksums)"        [_thread_blocked, id=9300, stack(0x0000000ee6200000,0x0000000ee6300000) (1024K)]
  0x0000013b23155eb0 JavaThread "Cache worker for cache directory md-rule (C:\Users\Azlan\.gradle\caches\8.9\md-rule)"        [_thread_blocked, id=20912, stack(0x0000000ee6c00000,0x0000000ee6d00000) (1024K)]
  0x0000013b23154470 JavaThread "Cache worker for cache directory md-supplier (C:\Users\Azlan\.gradle\caches\8.9\md-supplier)"        [_thread_blocked, id=14536, stack(0x0000000ee6d00000,0x0000000ee6e00000) (1024K)]
  0x0000013b20225ca0 JavaThread "C2 CompilerThread1"         daemon [_thread_in_native, id=5180, stack(0x0000000ee6e00000,0x0000000ee6f00000) (1024K)]
  0x0000013b20224830 JavaThread "C2 CompilerThread2"         daemon [_thread_in_native, id=22988, stack(0x0000000ee7200000,0x0000000ee7300000) (1024K)]
  0x0000013b20b604e0 JavaThread "Unconstrained build operations"        [_thread_blocked, id=20296, stack(0x0000000ee7300000,0x0000000ee7400000) (1024K)]
  0x0000013b20b61200 JavaThread "Unconstrained build operations Thread 2"        [_thread_blocked, id=6788, stack(0x0000000ee7400000,0x0000000ee7500000) (1024K)]
  0x0000013b20b653a0 JavaThread "Unconstrained build operations Thread 3"        [_thread_blocked, id=4692, stack(0x0000000ee7500000,0x0000000ee7600000) (1024K)]
  0x0000013b20b5f7c0 JavaThread "Unconstrained build operations Thread 4"        [_thread_blocked, id=4172, stack(0x0000000ee7600000,0x0000000ee7700000) (1024K)]
  0x0000013b20b5f130 JavaThread "Unconstrained build operations Thread 5"        [_thread_blocked, id=18916, stack(0x0000000ee7700000,0x0000000ee7800000) (1024K)]
  0x0000013b20b63960 JavaThread "Unconstrained build operations Thread 6"        [_thread_blocked, id=2868, stack(0x0000000ee7800000,0x0000000ee7900000) (1024K)]
  0x0000013b20b61890 JavaThread "Unconstrained build operations Thread 7"        [_thread_blocked, id=16336, stack(0x0000000ee7900000,0x0000000ee7a00000) (1024K)]
  0x0000013b20b632d0 JavaThread "Unconstrained build operations Thread 8"        [_thread_blocked, id=23396, stack(0x0000000ee7a00000,0x0000000ee7b00000) (1024K)]
  0x0000013b20b60b70 JavaThread "Unconstrained build operations Thread 9"        [_thread_blocked, id=21900, stack(0x0000000ee7b00000,0x0000000ee7c00000) (1024K)]
  0x0000013b20b63ff0 JavaThread "Unconstrained build operations Thread 10"        [_thread_blocked, id=25888, stack(0x0000000ee7c00000,0x0000000ee7d00000) (1024K)]
  0x0000013b20b64d10 JavaThread "Unconstrained build operations Thread 11"        [_thread_blocked, id=16624, stack(0x0000000ee7d00000,0x0000000ee7e00000) (1024K)]
  0x0000013b20b65a30 JavaThread "Unconstrained build operations Thread 12"        [_thread_blocked, id=16132, stack(0x0000000ee7e00000,0x0000000ee7f00000) (1024K)]
  0x0000013b1ea0c7b0 JavaThread "Unconstrained build operations Thread 13"        [_thread_blocked, id=22588, stack(0x0000000ee7f00000,0x0000000ee8000000) (1024K)]
  0x0000013b1ea09330 JavaThread "Unconstrained build operations Thread 14"        [_thread_blocked, id=18376, stack(0x0000000ee8000000,0x0000000ee8100000) (1024K)]
  0x0000013b1ea0ce40 JavaThread "Unconstrained build operations Thread 15"        [_thread_blocked, id=7556, stack(0x0000000ee8100000,0x0000000ee8200000) (1024K)]
  0x0000013b1ea0ba90 JavaThread "Unconstrained build operations Thread 16"        [_thread_blocked, id=24788, stack(0x0000000ee8200000,0x0000000ee8300000) (1024K)]
  0x0000013b1ea07260 JavaThread "Unconstrained build operations Thread 17"        [_thread_blocked, id=20016, stack(0x0000000ee8300000,0x0000000ee8400000) (1024K)]
  0x0000013b1ea07f80 JavaThread "Unconstrained build operations Thread 18"        [_thread_blocked, id=13184, stack(0x0000000ee8400000,0x0000000ee8500000) (1024K)]
  0x0000013b1ea0db60 JavaThread "Unconstrained build operations Thread 19"        [_thread_blocked, id=19432, stack(0x0000000ee8500000,0x0000000ee8600000) (1024K)]
  0x0000013b1ea099c0 JavaThread "Unconstrained build operations Thread 20"        [_thread_blocked, id=23780, stack(0x0000000ee8600000,0x0000000ee8700000) (1024K)]
  0x0000013b1ea08ca0 JavaThread "Unconstrained build operations Thread 21"        [_thread_blocked, id=17256, stack(0x0000000ee8700000,0x0000000ee8800000) (1024K)]
  0x0000013b1ea0d4d0 JavaThread "Unconstrained build operations Thread 22"        [_thread_blocked, id=25580, stack(0x0000000ee8800000,0x0000000ee8900000) (1024K)]
  0x0000013b1ea0ad70 JavaThread "build event listener"              [_thread_blocked, id=26532, stack(0x0000000ee8900000,0x0000000ee8a00000) (1024K)]
Total: 61

Other Threads:
  0x0000013b7fa4e560 VMThread "VM Thread"                           [id=15344, stack(0x0000000ee4800000,0x0000000ee4900000) (1024K)]
  0x0000013b7fa309f0 WatcherThread "VM Periodic Task Thread"        [id=5836, stack(0x0000000ee4700000,0x0000000ee4800000) (1024K)]
  0x0000013b7c049860 WorkerThread "GC Thread#0"                     [id=14416, stack(0x0000000ee4200000,0x0000000ee4300000) (1024K)]
  0x0000013b168505b0 WorkerThread "GC Thread#1"                     [id=12272, stack(0x0000000ee5500000,0x0000000ee5600000) (1024K)]
  0x0000013b16850950 WorkerThread "GC Thread#2"                     [id=21760, stack(0x0000000ee5600000,0x0000000ee5700000) (1024K)]
  0x0000013b16b2c8c0 WorkerThread "GC Thread#3"                     [id=23892, stack(0x0000000ee5700000,0x0000000ee5800000) (1024K)]
  0x0000013b16b2cc60 WorkerThread "GC Thread#4"                     [id=12528, stack(0x0000000ee5800000,0x0000000ee5900000) (1024K)]
  0x0000013b16b2d400 WorkerThread "GC Thread#5"                     [id=24356, stack(0x0000000ee5900000,0x0000000ee5a00000) (1024K)]
  0x0000013b1c81b4d0 WorkerThread "GC Thread#6"                     [id=25416, stack(0x0000000ee6300000,0x0000000ee6400000) (1024K)]
  0x0000013b1c81a2b0 WorkerThread "GC Thread#7"                     [id=18808, stack(0x0000000ee6400000,0x0000000ee6500000) (1024K)]
  0x0000013b1c81b130 WorkerThread "GC Thread#8"                     [id=24248, stack(0x0000000ee6500000,0x0000000ee6600000) (1024K)]
  0x0000013b1c81a9f0 WorkerThread "GC Thread#9"                     [id=3660, stack(0x0000000ee6600000,0x0000000ee6700000) (1024K)]
  0x0000013b7c05b4d0 ConcurrentGCThread "G1 Main Marker"            [id=19472, stack(0x0000000ee4300000,0x0000000ee4400000) (1024K)]
  0x0000013b7c05c680 WorkerThread "G1 Conc#0"                       [id=964, stack(0x0000000ee4400000,0x0000000ee4500000) (1024K)]
  0x0000013b1c81ad90 WorkerThread "G1 Conc#1"                       [id=11872, stack(0x0000000ee6700000,0x0000000ee6800000) (1024K)]
  0x0000013b1c819b70 WorkerThread "G1 Conc#2"                       [id=15976, stack(0x0000000ee6800000,0x0000000ee6900000) (1024K)]
  0x0000013b7f904250 ConcurrentGCThread "G1 Refine#0"               [id=15748, stack(0x0000000ee4500000,0x0000000ee4600000) (1024K)]
  0x0000013b7f905a80 ConcurrentGCThread "G1 Service"                [id=26480, stack(0x0000000ee4600000,0x0000000ee4700000) (1024K)]
Total: 18

Threads with active compile tasks:
C2 CompilerThread0    61492 14078       4       org.gradle.api.internal.attributes.DefaultAttributesSchema$DefaultAttributeSelectionSchema::matchValue (140 bytes)
C2 CompilerThread1    61492 14137       4       org.gradle.internal.execution.steps.IdentifyStep$$Lambda/0x00000001006b4238::apply (20 bytes)
C2 CompilerThread2    61492 14138       4       org.gradle.internal.execution.steps.IdentifyStep::lambda$createIdentityContext$0 (34 bytes)
Total: 3

VM state: not at safepoint (normal execution)

VM Mutex/Monitor currently owned by a thread: None

Heap address: 0x0000000080000000, size: 2048 MB, Compressed Oops mode: 32-bit

CDS archive(s) not mapped
Compressed class space mapped at: 0x0000000100000000-0x0000000140000000, reserved size: 1073741824
Narrow klass base: 0x0000000000000000, Narrow klass shift: 3, Narrow klass range: 0x140000000

GC Precious Log:
 CardTable entry size: 512
 Card Set container configuration: InlinePtr #cards 5 size 8 Array Of Cards #cards 12 size 40 Howl #buckets 4 coarsen threshold 1843 Howl Bitmap #cards 512 size 80 coarsen threshold 460 Card regions per heap region 1 cards per card region 2048
 CPUs: 12 total, 12 available
 Memory: 16204M
 Large Page Support: Disabled
 NUMA Support: Disabled
 Compressed Oops: Enabled (32-bit)
 Heap Region Size: 1M
 Heap Min Capacity: 8M
 Heap Initial Capacity: 254M
 Heap Max Capacity: 2G
 Pre-touch: Disabled
 Parallel Workers: 10
 Concurrent Workers: 3
 Concurrent Refinement Workers: 10
 Periodic GC: Disabled

Heap:
 garbage-first heap   total 226304K, used 139274K [0x0000000080000000, 0x0000000100000000)
  region size 1024K, 34 young (34816K), 8 survivors (8192K)
 Metaspace       used 114669K, committed 116800K, reserved 1179648K
  class space    used 15305K, committed 16384K, reserved 1048576K

Heap Regions: E=young(eden), S=young(survivor), O=old, HS=humongous(starts), HC=humongous(continues), CS=collection set, F=free, TAMS=top-at-mark-start, PB=parsable bottom
|   0|0x0000000080000000, 0x0000000080100000, 0x0000000080100000|100%|HS|  |TAMS 0x0000000080000000| PB 0x0000000080000000| Complete 
|   1|0x0000000080100000, 0x0000000080200000, 0x0000000080200000|100%|HC|  |TAMS 0x0000000080100000| PB 0x0000000080100000| Complete 
|   2|0x0000000080200000, 0x0000000080300000, 0x0000000080300000|100%|HC|  |TAMS 0x0000000080200000| PB 0x0000000080200000| Complete 
|   3|0x0000000080300000, 0x0000000080400000, 0x0000000080400000|100%|HC|  |TAMS 0x0000000080300000| PB 0x0000000080300000| Complete 
|   4|0x0000000080400000, 0x0000000080500000, 0x0000000080500000|100%| O|  |TAMS 0x0000000080400000| PB 0x0000000080400000| Untracked 
|   5|0x0000000080500000, 0x0000000080600000, 0x0000000080600000|100%| O|  |TAMS 0x0000000080500000| PB 0x0000000080500000| Untracked 
|   6|0x0000000080600000, 0x0000000080700000, 0x0000000080700000|100%| O|  |TAMS 0x0000000080600000| PB 0x0000000080600000| Untracked 
|   7|0x0000000080700000, 0x0000000080800000, 0x0000000080800000|100%| O|  |TAMS 0x0000000080700000| PB 0x0000000080700000| Untracked 
|   8|0x0000000080800000, 0x0000000080900000, 0x0000000080900000|100%| O|  |TAMS 0x0000000080800000| PB 0x0000000080800000| Untracked 
|   9|0x0000000080900000, 0x0000000080a00000, 0x0000000080a00000|100%| O|  |TAMS 0x0000000080900000| PB 0x0000000080900000| Untracked 
|  10|0x0000000080a00000, 0x0000000080b00000, 0x0000000080b00000|100%| O|  |TAMS 0x0000000080a00000| PB 0x0000000080a00000| Untracked 
|  11|0x0000000080b00000, 0x0000000080c00000, 0x0000000080c00000|100%|HS|  |TAMS 0x0000000080b00000| PB 0x0000000080b00000| Complete 
|  12|0x0000000080c00000, 0x0000000080d00000, 0x0000000080d00000|100%| O|  |TAMS 0x0000000080c00000| PB 0x0000000080c00000| Untracked 
|  13|0x0000000080d00000, 0x0000000080e00000, 0x0000000080e00000|100%| O|  |TAMS 0x0000000080d00000| PB 0x0000000080d00000| Untracked 
|  14|0x0000000080e00000, 0x0000000080f00000, 0x0000000080f00000|100%| O|  |TAMS 0x0000000080e00000| PB 0x0000000080e00000| Untracked 
|  15|0x0000000080f00000, 0x0000000081000000, 0x0000000081000000|100%| O|  |TAMS 0x0000000080f00000| PB 0x0000000080f00000| Untracked 
|  16|0x0000000081000000, 0x0000000081100000, 0x0000000081100000|100%| O|  |TAMS 0x0000000081000000| PB 0x0000000081000000| Untracked 
|  17|0x0000000081100000, 0x0000000081200000, 0x0000000081200000|100%| O|  |TAMS 0x0000000081100000| PB 0x0000000081100000| Untracked 
|  18|0x0000000081200000, 0x0000000081300000, 0x0000000081300000|100%| O|  |TAMS 0x0000000081200000| PB 0x0000000081200000| Untracked 
|  19|0x0000000081300000, 0x0000000081400000, 0x0000000081400000|100%| O|  |TAMS 0x0000000081300000| PB 0x0000000081300000| Untracked 
|  20|0x0000000081400000, 0x0000000081500000, 0x0000000081500000|100%| O|  |TAMS 0x0000000081400000| PB 0x0000000081400000| Untracked 
|  21|0x0000000081500000, 0x0000000081600000, 0x0000000081600000|100%| O|  |TAMS 0x0000000081500000| PB 0x0000000081500000| Untracked 
|  22|0x0000000081600000, 0x0000000081700000, 0x0000000081700000|100%| O|  |TAMS 0x0000000081600000| PB 0x0000000081600000| Untracked 
|  23|0x0000000081700000, 0x0000000081800000, 0x0000000081800000|100%| O|  |TAMS 0x0000000081700000| PB 0x0000000081700000| Untracked 
|  24|0x0000000081800000, 0x0000000081900000, 0x0000000081900000|100%| O|  |TAMS 0x0000000081800000| PB 0x0000000081800000| Untracked 
|  25|0x0000000081900000, 0x0000000081a00000, 0x0000000081a00000|100%| O|  |TAMS 0x0000000081900000| PB 0x0000000081900000| Untracked 
|  26|0x0000000081a00000, 0x0000000081b00000, 0x0000000081b00000|100%| O|  |TAMS 0x0000000081a00000| PB 0x0000000081a00000| Untracked 
|  27|0x0000000081b00000, 0x0000000081c00000, 0x0000000081c00000|100%| O|  |TAMS 0x0000000081b00000| PB 0x0000000081b00000| Untracked 
|  28|0x0000000081c00000, 0x0000000081d00000, 0x0000000081d00000|100%| O|  |TAMS 0x0000000081c00000| PB 0x0000000081c00000| Untracked 
|  29|0x0000000081d00000, 0x0000000081e00000, 0x0000000081e00000|100%| O|  |TAMS 0x0000000081d00000| PB 0x0000000081d00000| Untracked 
|  30|0x0000000081e00000, 0x0000000081f00000, 0x0000000081f00000|100%| O|  |TAMS 0x0000000081e00000| PB 0x0000000081e00000| Untracked 
|  31|0x0000000081f00000, 0x0000000082000000, 0x0000000082000000|100%| O|  |TAMS 0x0000000081f00000| PB 0x0000000081f00000| Untracked 
|  32|0x0000000082000000, 0x0000000082100000, 0x0000000082100000|100%| O|  |TAMS 0x0000000082000000| PB 0x0000000082000000| Untracked 
|  33|0x0000000082100000, 0x0000000082200000, 0x0000000082200000|100%| O|  |TAMS 0x0000000082100000| PB 0x0000000082100000| Untracked 
|  34|0x0000000082200000, 0x0000000082300000, 0x0000000082300000|100%| O|  |TAMS 0x0000000082200000| PB 0x0000000082200000| Untracked 
|  35|0x0000000082300000, 0x0000000082400000, 0x0000000082400000|100%| O|  |TAMS 0x0000000082300000| PB 0x0000000082300000| Untracked 
|  36|0x0000000082400000, 0x0000000082500000, 0x0000000082500000|100%| O|  |TAMS 0x0000000082400000| PB 0x0000000082400000| Untracked 
|  37|0x0000000082500000, 0x0000000082600000, 0x0000000082600000|100%| O|  |TAMS 0x0000000082500000| PB 0x0000000082500000| Untracked 
|  38|0x0000000082600000, 0x0000000082700000, 0x0000000082700000|100%| O|  |TAMS 0x0000000082600000| PB 0x0000000082600000| Untracked 
|  39|0x0000000082700000, 0x0000000082800000, 0x0000000082800000|100%| O|  |TAMS 0x0000000082700000| PB 0x0000000082700000| Untracked 
|  40|0x0000000082800000, 0x0000000082900000, 0x0000000082900000|100%| O|  |TAMS 0x0000000082800000| PB 0x0000000082800000| Untracked 
|  41|0x0000000082900000, 0x0000000082a00000, 0x0000000082a00000|100%| O|Cm|TAMS 0x0000000082900000| PB 0x0000000082900000| Complete 
|  42|0x0000000082a00000, 0x0000000082b00000, 0x0000000082b00000|100%| O|Cm|TAMS 0x0000000082a00000| PB 0x0000000082a00000| Complete 
|  43|0x0000000082b00000, 0x0000000082c00000, 0x0000000082c00000|100%| O|  |TAMS 0x0000000082b00000| PB 0x0000000082b00000| Untracked 
|  44|0x0000000082c00000, 0x0000000082d00000, 0x0000000082d00000|100%|HS|  |TAMS 0x0000000082c00000| PB 0x0000000082c00000| Complete 
|  45|0x0000000082d00000, 0x0000000082e00000, 0x0000000082e00000|100%|HS|  |TAMS 0x0000000082d00000| PB 0x0000000082d00000| Complete 
|  46|0x0000000082e00000, 0x0000000082f00000, 0x0000000082f00000|100%|HS|  |TAMS 0x0000000082e00000| PB 0x0000000082e00000| Complete 
|  47|0x0000000082f00000, 0x0000000083000000, 0x0000000083000000|100%|HS|  |TAMS 0x0000000082f00000| PB 0x0000000082f00000| Complete 
|  48|0x0000000083000000, 0x0000000083100000, 0x0000000083100000|100%| O|  |TAMS 0x0000000083000000| PB 0x0000000083000000| Untracked 
|  49|0x0000000083100000, 0x0000000083200000, 0x0000000083200000|100%|HS|  |TAMS 0x0000000083100000| PB 0x0000000083100000| Complete 
|  50|0x0000000083200000, 0x0000000083300000, 0x0000000083300000|100%|HS|  |TAMS 0x0000000083200000| PB 0x0000000083200000| Complete 
|  51|0x0000000083300000, 0x0000000083400000, 0x0000000083400000|100%| O|  |TAMS 0x0000000083300000| PB 0x0000000083300000| Untracked 
|  52|0x0000000083400000, 0x0000000083500000, 0x0000000083500000|100%| O|  |TAMS 0x0000000083400000| PB 0x0000000083400000| Untracked 
|  53|0x0000000083500000, 0x0000000083600000, 0x0000000083600000|100%| O|  |TAMS 0x0000000083500000| PB 0x0000000083500000| Untracked 
|  54|0x0000000083600000, 0x0000000083700000, 0x0000000083700000|100%| O|  |TAMS 0x0000000083600000| PB 0x0000000083600000| Untracked 
|  55|0x0000000083700000, 0x0000000083800000, 0x0000000083800000|100%| O|  |TAMS 0x0000000083700000| PB 0x0000000083700000| Untracked 
|  56|0x0000000083800000, 0x0000000083900000, 0x0000000083900000|100%| O|  |TAMS 0x0000000083800000| PB 0x0000000083800000| Untracked 
|  57|0x0000000083900000, 0x0000000083a00000, 0x0000000083a00000|100%| O|  |TAMS 0x0000000083900000| PB 0x0000000083900000| Untracked 
|  58|0x0000000083a00000, 0x0000000083b00000, 0x0000000083b00000|100%| O|  |TAMS 0x0000000083a00000| PB 0x0000000083a00000| Untracked 
|  59|0x0000000083b00000, 0x0000000083c00000, 0x0000000083c00000|100%| O|  |TAMS 0x0000000083b00000| PB 0x0000000083b00000| Untracked 
|  60|0x0000000083c00000, 0x0000000083d00000, 0x0000000083d00000|100%| O|  |TAMS 0x0000000083c00000| PB 0x0000000083c00000| Untracked 
|  61|0x0000000083d00000, 0x0000000083e00000, 0x0000000083e00000|100%| O|  |TAMS 0x0000000083d00000| PB 0x0000000083d00000| Untracked 
|  62|0x0000000083e00000, 0x0000000083f00000, 0x0000000083f00000|100%|HS|  |TAMS 0x0000000083e00000| PB 0x0000000083e00000| Complete 
|  63|0x0000000083f00000, 0x0000000084000000, 0x0000000084000000|100%| O|  |TAMS 0x0000000083f00000| PB 0x0000000083f00000| Untracked 
|  64|0x0000000084000000, 0x0000000084100000, 0x0000000084100000|100%| O|  |TAMS 0x0000000084000000| PB 0x0000000084000000| Untracked 
|  65|0x0000000084100000, 0x0000000084200000, 0x0000000084200000|100%| O|  |TAMS 0x0000000084100000| PB 0x0000000084100000| Untracked 
|  66|0x0000000084200000, 0x0000000084300000, 0x0000000084300000|100%| O|  |TAMS 0x0000000084200000| PB 0x0000000084200000| Untracked 
|  67|0x0000000084300000, 0x0000000084400000, 0x0000000084400000|100%| O|  |TAMS 0x0000000084300000| PB 0x0000000084300000| Untracked 
|  68|0x0000000084400000, 0x0000000084500000, 0x0000000084500000|100%| O|  |TAMS 0x0000000084400000| PB 0x0000000084400000| Untracked 
|  69|0x0000000084500000, 0x0000000084600000, 0x0000000084600000|100%| O|  |TAMS 0x0000000084500000| PB 0x0000000084500000| Untracked 
|  70|0x0000000084600000, 0x0000000084700000, 0x0000000084700000|100%| O|  |TAMS 0x0000000084600000| PB 0x0000000084600000| Untracked 
|  71|0x0000000084700000, 0x0000000084800000, 0x0000000084800000|100%| O|  |TAMS 0x0000000084700000| PB 0x0000000084700000| Untracked 
|  72|0x0000000084800000, 0x0000000084900000, 0x0000000084900000|100%| O|  |TAMS 0x0000000084800000| PB 0x0000000084800000| Untracked 
|  73|0x0000000084900000, 0x0000000084a00000, 0x0000000084a00000|100%| O|  |TAMS 0x0000000084900000| PB 0x0000000084900000| Untracked 
|  74|0x0000000084a00000, 0x0000000084b00000, 0x0000000084b00000|100%| O|  |TAMS 0x0000000084a00000| PB 0x0000000084a00000| Untracked 
|  75|0x0000000084b00000, 0x0000000084c00000, 0x0000000084c00000|100%| O|Cm|TAMS 0x0000000084b00000| PB 0x0000000084b00000| Complete 
|  76|0x0000000084c00000, 0x0000000084d00000, 0x0000000084d00000|100%| O|  |TAMS 0x0000000084c00000| PB 0x0000000084c00000| Untracked 
|  77|0x0000000084d00000, 0x0000000084e00000, 0x0000000084e00000|100%| O|  |TAMS 0x0000000084d00000| PB 0x0000000084d00000| Untracked 
|  78|0x0000000084e00000, 0x0000000084f00000, 0x0000000084f00000|100%| O|  |TAMS 0x0000000084e00000| PB 0x0000000084e00000| Untracked 
|  79|0x0000000084f00000, 0x0000000085000000, 0x0000000085000000|100%| O|  |TAMS 0x0000000084f00000| PB 0x0000000084f00000| Untracked 
|  80|0x0000000085000000, 0x0000000085100000, 0x0000000085100000|100%| O|  |TAMS 0x0000000085000000| PB 0x0000000085000000| Untracked 
|  81|0x0000000085100000, 0x0000000085200000, 0x0000000085200000|100%| O|  |TAMS 0x0000000085100000| PB 0x0000000085100000| Untracked 
|  82|0x0000000085200000, 0x0000000085300000, 0x0000000085300000|100%| O|  |TAMS 0x0000000085200000| PB 0x0000000085200000| Untracked 
|  83|0x0000000085300000, 0x0000000085400000, 0x0000000085400000|100%| O|  |TAMS 0x0000000085300000| PB 0x0000000085300000| Untracked 
|  84|0x0000000085400000, 0x0000000085500000, 0x0000000085500000|100%| O|  |TAMS 0x0000000085400000| PB 0x0000000085400000| Untracked 
|  85|0x0000000085500000, 0x0000000085600000, 0x0000000085600000|100%| O|  |TAMS 0x0000000085500000| PB 0x0000000085500000| Untracked 
|  86|0x0000000085600000, 0x0000000085700000, 0x0000000085700000|100%| O|  |TAMS 0x0000000085600000| PB 0x0000000085600000| Untracked 
|  87|0x0000000085700000, 0x0000000085800000, 0x0000000085800000|100%| O|  |TAMS 0x0000000085700000| PB 0x0000000085700000| Untracked 
|  88|0x0000000085800000, 0x0000000085900000, 0x0000000085900000|100%| O|  |TAMS 0x0000000085800000| PB 0x0000000085800000| Untracked 
|  89|0x0000000085900000, 0x0000000085a00000, 0x0000000085a00000|100%| O|  |TAMS 0x0000000085900000| PB 0x0000000085900000| Untracked 
|  90|0x0000000085a00000, 0x0000000085b00000, 0x0000000085b00000|100%| O|  |TAMS 0x0000000085a00000| PB 0x0000000085a00000| Untracked 
|  91|0x0000000085b00000, 0x0000000085c00000, 0x0000000085c00000|100%| O|  |TAMS 0x0000000085b00000| PB 0x0000000085b00000| Untracked 
|  92|0x0000000085c00000, 0x0000000085d00000, 0x0000000085d00000|100%| O|  |TAMS 0x0000000085c00000| PB 0x0000000085c00000| Untracked 
|  93|0x0000000085d00000, 0x0000000085e00000, 0x0000000085e00000|100%| O|  |TAMS 0x0000000085d00000| PB 0x0000000085d00000| Untracked 
|  94|0x0000000085e00000, 0x0000000085f00000, 0x0000000085f00000|100%| O|  |TAMS 0x0000000085e00000| PB 0x0000000085e00000| Untracked 
|  95|0x0000000085f00000, 0x0000000086000000, 0x0000000086000000|100%| O|  |TAMS 0x0000000085f00000| PB 0x0000000085f00000| Untracked 
|  96|0x0000000086000000, 0x0000000086100000, 0x0000000086100000|100%| O|  |TAMS 0x0000000086000000| PB 0x0000000086000000| Untracked 
|  97|0x0000000086100000, 0x0000000086200000, 0x0000000086200000|100%| O|  |TAMS 0x0000000086100000| PB 0x0000000086100000| Untracked 
|  98|0x0000000086200000, 0x0000000086300000, 0x0000000086300000|100%| O|  |TAMS 0x0000000086200000| PB 0x0000000086200000| Untracked 
|  99|0x0000000086300000, 0x0000000086400000, 0x0000000086400000|100%| O|  |TAMS 0x0000000086300000| PB 0x0000000086300000| Untracked 
| 100|0x0000000086400000, 0x0000000086500000, 0x0000000086500000|100%| O|  |TAMS 0x0000000086400000| PB 0x0000000086400000| Untracked 
| 101|0x0000000086500000, 0x0000000086600000, 0x0000000086600000|100%| O|  |TAMS 0x0000000086500000| PB 0x0000000086500000| Untracked 
| 102|0x0000000086600000, 0x0000000086689b40, 0x0000000086700000| 53%| O|  |TAMS 0x0000000086600000| PB 0x0000000086600000| Untracked 
| 103|0x0000000086700000, 0x0000000086700000, 0x0000000086800000|  0%| F|  |TAMS 0x0000000086700000| PB 0x0000000086700000| Untracked 
| 104|0x0000000086800000, 0x0000000086800000, 0x0000000086900000|  0%| F|  |TAMS 0x0000000086800000| PB 0x0000000086800000| Untracked 
| 105|0x0000000086900000, 0x0000000086900000, 0x0000000086a00000|  0%| F|  |TAMS 0x0000000086900000| PB 0x0000000086900000| Untracked 
| 106|0x0000000086a00000, 0x0000000086a00000, 0x0000000086b00000|  0%| F|  |TAMS 0x0000000086a00000| PB 0x0000000086a00000| Untracked 
| 107|0x0000000086b00000, 0x0000000086b00000, 0x0000000086c00000|  0%| F|  |TAMS 0x0000000086b00000| PB 0x0000000086b00000| Untracked 
| 108|0x0000000086c00000, 0x0000000086c00000, 0x0000000086d00000|  0%| F|  |TAMS 0x0000000086c00000| PB 0x0000000086c00000| Untracked 
| 109|0x0000000086d00000, 0x0000000086d00000, 0x0000000086e00000|  0%| F|  |TAMS 0x0000000086d00000| PB 0x0000000086d00000| Untracked 
| 110|0x0000000086e00000, 0x0000000086e00000, 0x0000000086f00000|  0%| F|  |TAMS 0x0000000086e00000| PB 0x0000000086e00000| Untracked 
| 111|0x0000000086f00000, 0x0000000086f00000, 0x0000000087000000|  0%| F|  |TAMS 0x0000000086f00000| PB 0x0000000086f00000| Untracked 
| 112|0x0000000087000000, 0x0000000087000000, 0x0000000087100000|  0%| F|  |TAMS 0x0000000087000000| PB 0x0000000087000000| Untracked 
| 113|0x0000000087100000, 0x0000000087100000, 0x0000000087200000|  0%| F|  |TAMS 0x0000000087100000| PB 0x0000000087100000| Untracked 
| 114|0x0000000087200000, 0x0000000087200000, 0x0000000087300000|  0%| F|  |TAMS 0x0000000087200000| PB 0x0000000087200000| Untracked 
| 115|0x0000000087300000, 0x0000000087300000, 0x0000000087400000|  0%| F|  |TAMS 0x0000000087300000| PB 0x0000000087300000| Untracked 
| 116|0x0000000087400000, 0x0000000087400000, 0x0000000087500000|  0%| F|  |TAMS 0x0000000087400000| PB 0x0000000087400000| Untracked 
| 117|0x0000000087500000, 0x0000000087500000, 0x0000000087600000|  0%| F|  |TAMS 0x0000000087500000| PB 0x0000000087500000| Untracked 
| 118|0x0000000087600000, 0x0000000087600000, 0x0000000087700000|  0%| F|  |TAMS 0x0000000087600000| PB 0x0000000087600000| Untracked 
| 119|0x0000000087700000, 0x0000000087700000, 0x0000000087800000|  0%| F|  |TAMS 0x0000000087700000| PB 0x0000000087700000| Untracked 
| 120|0x0000000087800000, 0x0000000087800000, 0x0000000087900000|  0%| F|  |TAMS 0x0000000087800000| PB 0x0000000087800000| Untracked 
| 121|0x0000000087900000, 0x0000000087900000, 0x0000000087a00000|  0%| F|  |TAMS 0x0000000087900000| PB 0x0000000087900000| Untracked 
| 122|0x0000000087a00000, 0x0000000087a00000, 0x0000000087b00000|  0%| F|  |TAMS 0x0000000087a00000| PB 0x0000000087a00000| Untracked 
| 123|0x0000000087b00000, 0x0000000087b79098, 0x0000000087c00000| 47%| S|CS|TAMS 0x0000000087b00000| PB 0x0000000087b00000| Complete 
| 124|0x0000000087c00000, 0x0000000087d00000, 0x0000000087d00000|100%| S|CS|TAMS 0x0000000087c00000| PB 0x0000000087c00000| Complete 
| 125|0x0000000087d00000, 0x0000000087e00000, 0x0000000087e00000|100%| S|CS|TAMS 0x0000000087d00000| PB 0x0000000087d00000| Complete 
| 126|0x0000000087e00000, 0x0000000087f00000, 0x0000000087f00000|100%| S|CS|TAMS 0x0000000087e00000| PB 0x0000000087e00000| Complete 
| 127|0x0000000087f00000, 0x0000000088000000, 0x0000000088000000|100%| S|CS|TAMS 0x0000000087f00000| PB 0x0000000087f00000| Complete 
| 128|0x0000000088000000, 0x0000000088100000, 0x0000000088100000|100%| S|CS|TAMS 0x0000000088000000| PB 0x0000000088000000| Complete 
| 129|0x0000000088100000, 0x0000000088200000, 0x0000000088200000|100%| S|CS|TAMS 0x0000000088100000| PB 0x0000000088100000| Complete 
| 130|0x0000000088200000, 0x0000000088300000, 0x0000000088300000|100%| S|CS|TAMS 0x0000000088200000| PB 0x0000000088200000| Complete 
| 131|0x0000000088300000, 0x0000000088300000, 0x0000000088400000|  0%| F|  |TAMS 0x0000000088300000| PB 0x0000000088300000| Untracked 
| 132|0x0000000088400000, 0x0000000088400000, 0x0000000088500000|  0%| F|  |TAMS 0x0000000088400000| PB 0x0000000088400000| Untracked 
| 133|0x0000000088500000, 0x0000000088500000, 0x0000000088600000|  0%| F|  |TAMS 0x0000000088500000| PB 0x0000000088500000| Untracked 
| 134|0x0000000088600000, 0x0000000088600000, 0x0000000088700000|  0%| F|  |TAMS 0x0000000088600000| PB 0x0000000088600000| Untracked 
| 135|0x0000000088700000, 0x0000000088700000, 0x0000000088800000|  0%| F|  |TAMS 0x0000000088700000| PB 0x0000000088700000| Untracked 
| 136|0x0000000088800000, 0x0000000088800000, 0x0000000088900000|  0%| F|  |TAMS 0x0000000088800000| PB 0x0000000088800000| Untracked 
| 137|0x0000000088900000, 0x0000000088900000, 0x0000000088a00000|  0%| F|  |TAMS 0x0000000088900000| PB 0x0000000088900000| Untracked 
| 138|0x0000000088a00000, 0x0000000088a00000, 0x0000000088b00000|  0%| F|  |TAMS 0x0000000088a00000| PB 0x0000000088a00000| Untracked 
| 139|0x0000000088b00000, 0x0000000088b00000, 0x0000000088c00000|  0%| F|  |TAMS 0x0000000088b00000| PB 0x0000000088b00000| Untracked 
| 140|0x0000000088c00000, 0x0000000088c00000, 0x0000000088d00000|  0%| F|  |TAMS 0x0000000088c00000| PB 0x0000000088c00000| Untracked 
| 141|0x0000000088d00000, 0x0000000088d00000, 0x0000000088e00000|  0%| F|  |TAMS 0x0000000088d00000| PB 0x0000000088d00000| Untracked 
| 142|0x0000000088e00000, 0x0000000088e00000, 0x0000000088f00000|  0%| F|  |TAMS 0x0000000088e00000| PB 0x0000000088e00000| Untracked 
| 143|0x0000000088f00000, 0x0000000088f00000, 0x0000000089000000|  0%| F|  |TAMS 0x0000000088f00000| PB 0x0000000088f00000| Untracked 
| 144|0x0000000089000000, 0x0000000089000000, 0x0000000089100000|  0%| F|  |TAMS 0x0000000089000000| PB 0x0000000089000000| Untracked 
| 145|0x0000000089100000, 0x0000000089100000, 0x0000000089200000|  0%| F|  |TAMS 0x0000000089100000| PB 0x0000000089100000| Untracked 
| 146|0x0000000089200000, 0x0000000089200000, 0x0000000089300000|  0%| F|  |TAMS 0x0000000089200000| PB 0x0000000089200000| Untracked 
| 147|0x0000000089300000, 0x0000000089300000, 0x0000000089400000|  0%| F|  |TAMS 0x0000000089300000| PB 0x0000000089300000| Untracked 
| 148|0x0000000089400000, 0x0000000089400000, 0x0000000089500000|  0%| F|  |TAMS 0x0000000089400000| PB 0x0000000089400000| Untracked 
| 149|0x0000000089500000, 0x0000000089500000, 0x0000000089600000|  0%| F|  |TAMS 0x0000000089500000| PB 0x0000000089500000| Untracked 
| 150|0x0000000089600000, 0x0000000089600000, 0x0000000089700000|  0%| F|  |TAMS 0x0000000089600000| PB 0x0000000089600000| Untracked 
| 151|0x0000000089700000, 0x0000000089700000, 0x0000000089800000|  0%| F|  |TAMS 0x0000000089700000| PB 0x0000000089700000| Untracked 
| 152|0x0000000089800000, 0x0000000089800000, 0x0000000089900000|  0%| F|  |TAMS 0x0000000089800000| PB 0x0000000089800000| Untracked 
| 153|0x0000000089900000, 0x0000000089900000, 0x0000000089a00000|  0%| F|  |TAMS 0x0000000089900000| PB 0x0000000089900000| Untracked 
| 154|0x0000000089a00000, 0x0000000089a00000, 0x0000000089b00000|  0%| F|  |TAMS 0x0000000089a00000| PB 0x0000000089a00000| Untracked 
| 155|0x0000000089b00000, 0x0000000089b00000, 0x0000000089c00000|  0%| F|  |TAMS 0x0000000089b00000| PB 0x0000000089b00000| Untracked 
| 156|0x0000000089c00000, 0x0000000089c00000, 0x0000000089d00000|  0%| F|  |TAMS 0x0000000089c00000| PB 0x0000000089c00000| Untracked 
| 157|0x0000000089d00000, 0x0000000089d00000, 0x0000000089e00000|  0%| F|  |TAMS 0x0000000089d00000| PB 0x0000000089d00000| Untracked 
| 158|0x0000000089e00000, 0x0000000089e00000, 0x0000000089f00000|  0%| F|  |TAMS 0x0000000089e00000| PB 0x0000000089e00000| Untracked 
| 159|0x0000000089f00000, 0x0000000089f00000, 0x000000008a000000|  0%| F|  |TAMS 0x0000000089f00000| PB 0x0000000089f00000| Untracked 
| 160|0x000000008a000000, 0x000000008a000000, 0x000000008a100000|  0%| F|  |TAMS 0x000000008a000000| PB 0x000000008a000000| Untracked 
| 161|0x000000008a100000, 0x000000008a100000, 0x000000008a200000|  0%| F|  |TAMS 0x000000008a100000| PB 0x000000008a100000| Untracked 
| 162|0x000000008a200000, 0x000000008a200000, 0x000000008a300000|  0%| F|  |TAMS 0x000000008a200000| PB 0x000000008a200000| Untracked 
| 163|0x000000008a300000, 0x000000008a300000, 0x000000008a400000|  0%| F|  |TAMS 0x000000008a300000| PB 0x000000008a300000| Untracked 
| 164|0x000000008a400000, 0x000000008a400000, 0x000000008a500000|  0%| F|  |TAMS 0x000000008a400000| PB 0x000000008a400000| Untracked 
| 165|0x000000008a500000, 0x000000008a500000, 0x000000008a600000|  0%| F|  |TAMS 0x000000008a500000| PB 0x000000008a500000| Untracked 
| 166|0x000000008a600000, 0x000000008a600000, 0x000000008a700000|  0%| F|  |TAMS 0x000000008a600000| PB 0x000000008a600000| Untracked 
| 167|0x000000008a700000, 0x000000008a700000, 0x000000008a800000|  0%| F|  |TAMS 0x000000008a700000| PB 0x000000008a700000| Untracked 
| 168|0x000000008a800000, 0x000000008a800000, 0x000000008a900000|  0%| F|  |TAMS 0x000000008a800000| PB 0x000000008a800000| Untracked 
| 169|0x000000008a900000, 0x000000008a900000, 0x000000008aa00000|  0%| F|  |TAMS 0x000000008a900000| PB 0x000000008a900000| Untracked 
| 170|0x000000008aa00000, 0x000000008aa00000, 0x000000008ab00000|  0%| F|  |TAMS 0x000000008aa00000| PB 0x000000008aa00000| Untracked 
| 171|0x000000008ab00000, 0x000000008ab00000, 0x000000008ac00000|  0%| F|  |TAMS 0x000000008ab00000| PB 0x000000008ab00000| Untracked 
| 172|0x000000008ac00000, 0x000000008ac00000, 0x000000008ad00000|  0%| F|  |TAMS 0x000000008ac00000| PB 0x000000008ac00000| Untracked 
| 173|0x000000008ad00000, 0x000000008ad00000, 0x000000008ae00000|  0%| F|  |TAMS 0x000000008ad00000| PB 0x000000008ad00000| Untracked 
| 174|0x000000008ae00000, 0x000000008ae00000, 0x000000008af00000|  0%| F|  |TAMS 0x000000008ae00000| PB 0x000000008ae00000| Untracked 
| 175|0x000000008af00000, 0x000000008af00000, 0x000000008b000000|  0%| F|  |TAMS 0x000000008af00000| PB 0x000000008af00000| Untracked 
| 176|0x000000008b000000, 0x000000008b000000, 0x000000008b100000|  0%| F|  |TAMS 0x000000008b000000| PB 0x000000008b000000| Untracked 
| 177|0x000000008b100000, 0x000000008b100000, 0x000000008b200000|  0%| F|  |TAMS 0x000000008b100000| PB 0x000000008b100000| Untracked 
| 178|0x000000008b200000, 0x000000008b200000, 0x000000008b300000|  0%| F|  |TAMS 0x000000008b200000| PB 0x000000008b200000| Untracked 
| 179|0x000000008b300000, 0x000000008b300000, 0x000000008b400000|  0%| F|  |TAMS 0x000000008b300000| PB 0x000000008b300000| Untracked 
| 180|0x000000008b400000, 0x000000008b400000, 0x000000008b500000|  0%| F|  |TAMS 0x000000008b400000| PB 0x000000008b400000| Untracked 
| 181|0x000000008b500000, 0x000000008b500000, 0x000000008b600000|  0%| F|  |TAMS 0x000000008b500000| PB 0x000000008b500000| Untracked 
| 182|0x000000008b600000, 0x000000008b600000, 0x000000008b700000|  0%| F|  |TAMS 0x000000008b600000| PB 0x000000008b600000| Untracked 
| 183|0x000000008b700000, 0x000000008b700000, 0x000000008b800000|  0%| F|  |TAMS 0x000000008b700000| PB 0x000000008b700000| Untracked 
| 184|0x000000008b800000, 0x000000008b800000, 0x000000008b900000|  0%| F|  |TAMS 0x000000008b800000| PB 0x000000008b800000| Untracked 
| 185|0x000000008b900000, 0x000000008b900000, 0x000000008ba00000|  0%| F|  |TAMS 0x000000008b900000| PB 0x000000008b900000| Untracked 
| 186|0x000000008ba00000, 0x000000008ba00000, 0x000000008bb00000|  0%| F|  |TAMS 0x000000008ba00000| PB 0x000000008ba00000| Untracked 
| 187|0x000000008bb00000, 0x000000008bb00000, 0x000000008bc00000|  0%| F|  |TAMS 0x000000008bb00000| PB 0x000000008bb00000| Untracked 
| 188|0x000000008bc00000, 0x000000008bc00000, 0x000000008bd00000|  0%| F|  |TAMS 0x000000008bc00000| PB 0x000000008bc00000| Untracked 
| 189|0x000000008bd00000, 0x000000008bd00000, 0x000000008be00000|  0%| F|  |TAMS 0x000000008bd00000| PB 0x000000008bd00000| Untracked 
| 190|0x000000008be00000, 0x000000008be00000, 0x000000008bf00000|  0%| F|  |TAMS 0x000000008be00000| PB 0x000000008be00000| Untracked 
| 191|0x000000008bf00000, 0x000000008bf00000, 0x000000008c000000|  0%| F|  |TAMS 0x000000008bf00000| PB 0x000000008bf00000| Untracked 
| 192|0x000000008c000000, 0x000000008c000000, 0x000000008c100000|  0%| F|  |TAMS 0x000000008c000000| PB 0x000000008c000000| Untracked 
| 193|0x000000008c100000, 0x000000008c200000, 0x000000008c200000|100%| E|  |TAMS 0x000000008c100000| PB 0x000000008c100000| Complete 
| 194|0x000000008c200000, 0x000000008c300000, 0x000000008c300000|100%| E|CS|TAMS 0x000000008c200000| PB 0x000000008c200000| Complete 
| 195|0x000000008c300000, 0x000000008c400000, 0x000000008c400000|100%| E|CS|TAMS 0x000000008c300000| PB 0x000000008c300000| Complete 
| 196|0x000000008c400000, 0x000000008c500000, 0x000000008c500000|100%| E|CS|TAMS 0x000000008c400000| PB 0x000000008c400000| Complete 
| 197|0x000000008c500000, 0x000000008c600000, 0x000000008c600000|100%| E|CS|TAMS 0x000000008c500000| PB 0x000000008c500000| Complete 
| 198|0x000000008c600000, 0x000000008c700000, 0x000000008c700000|100%| E|CS|TAMS 0x000000008c600000| PB 0x000000008c600000| Complete 
| 199|0x000000008c700000, 0x000000008c800000, 0x000000008c800000|100%| E|CS|TAMS 0x000000008c700000| PB 0x000000008c700000| Complete 
| 200|0x000000008c800000, 0x000000008c900000, 0x000000008c900000|100%| E|CS|TAMS 0x000000008c800000| PB 0x000000008c800000| Complete 
| 201|0x000000008c900000, 0x000000008ca00000, 0x000000008ca00000|100%| E|CS|TAMS 0x000000008c900000| PB 0x000000008c900000| Complete 
| 202|0x000000008ca00000, 0x000000008cb00000, 0x000000008cb00000|100%| E|CS|TAMS 0x000000008ca00000| PB 0x000000008ca00000| Complete 
| 203|0x000000008cb00000, 0x000000008cc00000, 0x000000008cc00000|100%| E|CS|TAMS 0x000000008cb00000| PB 0x000000008cb00000| Complete 
| 204|0x000000008cc00000, 0x000000008cd00000, 0x000000008cd00000|100%| E|CS|TAMS 0x000000008cc00000| PB 0x000000008cc00000| Complete 
| 205|0x000000008cd00000, 0x000000008ce00000, 0x000000008ce00000|100%| E|CS|TAMS 0x000000008cd00000| PB 0x000000008cd00000| Complete 
| 206|0x000000008ce00000, 0x000000008cf00000, 0x000000008cf00000|100%| E|CS|TAMS 0x000000008ce00000| PB 0x000000008ce00000| Complete 
| 207|0x000000008cf00000, 0x000000008d000000, 0x000000008d000000|100%| E|CS|TAMS 0x000000008cf00000| PB 0x000000008cf00000| Complete 
| 208|0x000000008d000000, 0x000000008d100000, 0x000000008d100000|100%| E|  |TAMS 0x000000008d000000| PB 0x000000008d000000| Complete 
| 209|0x000000008d100000, 0x000000008d200000, 0x000000008d200000|100%| E|CS|TAMS 0x000000008d100000| PB 0x000000008d100000| Complete 
| 210|0x000000008d200000, 0x000000008d300000, 0x000000008d300000|100%| E|CS|TAMS 0x000000008d200000| PB 0x000000008d200000| Complete 
| 211|0x000000008d300000, 0x000000008d400000, 0x000000008d400000|100%| E|CS|TAMS 0x000000008d300000| PB 0x000000008d300000| Complete 
| 212|0x000000008d400000, 0x000000008d500000, 0x000000008d500000|100%| E|CS|TAMS 0x000000008d400000| PB 0x000000008d400000| Complete 
| 213|0x000000008d500000, 0x000000008d600000, 0x000000008d600000|100%| E|CS|TAMS 0x000000008d500000| PB 0x000000008d500000| Complete 
| 214|0x000000008d600000, 0x000000008d700000, 0x000000008d700000|100%| E|CS|TAMS 0x000000008d600000| PB 0x000000008d600000| Complete 
| 215|0x000000008d700000, 0x000000008d800000, 0x000000008d800000|100%| E|CS|TAMS 0x000000008d700000| PB 0x000000008d700000| Complete 
| 253|0x000000008fd00000, 0x000000008fe00000, 0x000000008fe00000|100%| E|CS|TAMS 0x000000008fd00000| PB 0x000000008fd00000| Complete 
|2044|0x00000000ffc00000, 0x00000000ffd00000, 0x00000000ffd00000|100%| O|  |TAMS 0x00000000ffc00000| PB 0x00000000ffc00000| Untracked 
|2045|0x00000000ffd00000, 0x00000000ffe00000, 0x00000000ffe00000|100%| O|  |TAMS 0x00000000ffd00000| PB 0x00000000ffd00000| Untracked 
|2046|0x00000000ffe00000, 0x00000000fff00000, 0x00000000fff00000|100%| E|CS|TAMS 0x00000000ffe00000| PB 0x00000000ffe00000| Complete 
|2047|0x00000000fff00000, 0x0000000100000000, 0x0000000100000000|100%| E|CS|TAMS 0x00000000fff00000| PB 0x00000000fff00000| Complete 

Card table byte_map: [0x0000013b7e920000,0x0000013b7ed20000] _byte_map_base: 0x0000013b7e520000

Marking Bits: (CMBitMap*) 0x0000013b7c04aa80
 Bits: [0x0000013b12080000, 0x0000013b14080000)

Polling page: 0x0000013b7c0c0000

Metaspace:

Usage:
  Non-class:     97.04 MB used.
      Class:     14.95 MB used.
       Both:    111.98 MB used.

Virtual space:
  Non-class space:      128.00 MB reserved,      98.06 MB ( 77%) committed,  2 nodes.
      Class space:        1.00 GB reserved,      16.00 MB (  2%) committed,  1 nodes.
             Both:        1.12 GB reserved,     114.06 MB ( 10%) committed. 

Chunk freelists:
   Non-Class:  13.89 MB
       Class:  27.00 KB
        Both:  13.92 MB

MaxMetaspaceSize: unlimited
CompressedClassSpaceSize: 1.00 GB
Initial GC threshold: 21.00 MB
Current GC threshold: 189.94 MB
CDS: off
 - commit_granule_bytes: 65536.
 - commit_granule_words: 8192.
 - virtual_space_node_default_size: 8388608.
 - enlarge_chunks_in_place: 1.
 - use_allocation_guard: 0.


Internal statistics:

num_allocs_failed_limit: 12.
num_arena_births: 4136.
num_arena_deaths: 0.
num_vsnodes_births: 3.
num_vsnodes_deaths: 0.
num_space_committed: 1823.
num_space_uncommitted: 0.
num_chunks_returned_to_freelist: 12.
num_chunks_taken_from_freelist: 8869.
num_chunk_merges: 12.
num_chunk_splits: 5873.
num_chunks_enlarged: 3781.
num_inconsistent_stats: 0.

CodeHeap 'non-profiled nmethods': size=120000Kb used=8159Kb max_used=8175Kb free=111841Kb
 bounds [0x0000013b0ab50000, 0x0000013b0b350000, 0x0000013b12080000]
CodeHeap 'profiled nmethods': size=120000Kb used=21614Kb max_used=21614Kb free=98385Kb
 bounds [0x0000013b03080000, 0x0000013b045a0000, 0x0000013b0a5b0000]
CodeHeap 'non-nmethods': size=5760Kb used=2101Kb max_used=2218Kb free=3659Kb
 bounds [0x0000013b0a5b0000, 0x0000013b0a820000, 0x0000013b0ab50000]
 total_blobs=12721 nmethods=11872 adapters=753
 compilation: enabled
              stopped_count=0, restarted_count=0
 full_count=0

Compilation events (20 events):
Event: 61.423 Thread 0x0000013b16180460 14227       3       org.gradle.api.internal.provider.sources.GradlePropertyValueSource$Parameters$Inject$$Lambda/0x0000000100a20de0::<init> (10 bytes)
Event: 61.423 Thread 0x0000013b16180460 nmethod 14227 0x0000013b04577c90 code [0x0000013b04577e40, 0x0000013b04577ff8]
Event: 61.423 Thread 0x0000013b16180460 14228       1       org.gradle.api.internal.plugins.DefaultPotentialPluginWithId::getPluginId (5 bytes)
Event: 61.423 Thread 0x0000013b16180460 nmethod 14228 0x0000013b0af6ba90 code [0x0000013b0af6bc20, 0x0000013b0af6bce8]
Event: 61.423 Thread 0x0000013b20225ca0 nmethod 14141 0x0000013b0b199c90 code [0x0000013b0b19a080, 0x0000013b0b19c1d8]
Event: 61.424 Thread 0x0000013b20225ca0 14142       4       org.gradle.internal.logging.progress.DefaultProgressLoggerFactory$ProgressLoggerImpl::assertRunning (63 bytes)
Event: 61.424 Thread 0x0000013b20225ca0 nmethod 14142 0x0000013b0b199990 code [0x0000013b0b199b20, 0x0000013b0b199bf8]
Event: 61.424 Thread 0x0000013b20225ca0 14122       4       org.gradle.internal.execution.impl.DefaultFileNormalizationSpec::from (11 bytes)
Event: 61.424 Thread 0x0000013b16180460 14229       1       com.google.common.cache.LocalCache$WeakEntry::getHash (5 bytes)
Event: 61.424 Thread 0x0000013b16180460 nmethod 14229 0x0000013b0b199590 code [0x0000013b0b199720, 0x0000013b0b1997e8]
Event: 61.424 Thread 0x0000013b16180460 14230       3       org.gradle.tooling.internal.provider.runner.PluginApplicationTracker::track (16 bytes)
Event: 61.425 Thread 0x0000013b16180460 nmethod 14230 0x0000013b04578090 code [0x0000013b04578240, 0x0000013b04578430]
Event: 61.425 Thread 0x0000013b16180460 14231       1       org.gradle.api.internal.attributes.DefaultAttributeMatchingStrategy::getDisambiguationRules (5 bytes)
Event: 61.425 Thread 0x0000013b16180460 nmethod 14231 0x0000013b0af6b790 code [0x0000013b0af6b920, 0x0000013b0af6b9e8]
Event: 61.426 Thread 0x0000013b20225ca0 nmethod 14122 0x0000013b0af6b410 code [0x0000013b0af6b5a0, 0x0000013b0af6b698]
Event: 61.426 Thread 0x0000013b20225ca0 14123       4       org.gradle.internal.execution.impl.DefaultFileNormalizationSpec::equals (71 bytes)
Event: 61.428 Thread 0x0000013b20225ca0 nmethod 14123 0x0000013b0af6ad90 code [0x0000013b0af6af40, 0x0000013b0af6b0e0]
Event: 61.428 Thread 0x0000013b20225ca0 14126       4       org.gradle.internal.fingerprint.impl.DefaultCurrentFileCollectionFingerprint::from (96 bytes)
Event: 61.429 Thread 0x0000013b16180460 14232       3       org.gradle.api.internal.model.DefaultObjectFactory::newInstance (12 bytes)
Event: 61.430 Thread 0x0000013b16180460 nmethod 14232 0x0000013b04578510 code [0x0000013b045786c0, 0x0000013b04578890]

GC Heap History (20 events):
Event: 20.556 GC heap before
{Heap before GC invocations=36 (full 0):
 garbage-first heap   total 158720K, used 144148K [0x0000000080000000, 0x0000000100000000)
  region size 1024K, 55 young (56320K), 5 survivors (5120K)
 Metaspace       used 105856K, committed 107968K, reserved 1179648K
  class space    used 14420K, committed 15488K, reserved 1048576K
}
Event: 20.565 GC heap after
{Heap after GC invocations=37 (full 0):
 garbage-first heap   total 158720K, used 97244K [0x0000000080000000, 0x0000000100000000)
  region size 1024K, 5 young (5120K), 5 survivors (5120K)
 Metaspace       used 105856K, committed 107968K, reserved 1179648K
  class space    used 14420K, committed 15488K, reserved 1048576K
}
Event: 20.751 GC heap before
{Heap before GC invocations=37 (full 0):
 garbage-first heap   total 158720K, used 142300K [0x0000000080000000, 0x0000000100000000)
  region size 1024K, 50 young (51200K), 5 survivors (5120K)
 Metaspace       used 105878K, committed 107968K, reserved 1179648K
  class space    used 14422K, committed 15488K, reserved 1048576K
}
Event: 20.756 GC heap after
{Heap after GC invocations=38 (full 0):
 garbage-first heap   total 158720K, used 98569K [0x0000000080000000, 0x0000000100000000)
  region size 1024K, 4 young (4096K), 4 survivors (4096K)
 Metaspace       used 105878K, committed 107968K, reserved 1179648K
  class space    used 14422K, committed 15488K, reserved 1048576K
}
Event: 20.990 GC heap before
{Heap before GC invocations=39 (full 0):
 garbage-first heap   total 188416K, used 142601K [0x0000000080000000, 0x0000000100000000)
  region size 1024K, 48 young (49152K), 4 survivors (4096K)
 Metaspace       used 105884K, committed 107968K, reserved 1179648K
  class space    used 14422K, committed 15488K, reserved 1048576K
}
Event: 20.994 GC heap after
{Heap after GC invocations=40 (full 0):
 garbage-first heap   total 188416K, used 99788K [0x0000000080000000, 0x0000000100000000)
  region size 1024K, 5 young (5120K), 5 survivors (5120K)
 Metaspace       used 105884K, committed 107968K, reserved 1179648K
  class space    used 14422K, committed 15488K, reserved 1048576K
}
Event: 21.663 GC heap before
{Heap before GC invocations=40 (full 0):
 garbage-first heap   total 188416K, used 171468K [0x0000000080000000, 0x0000000100000000)
  region size 1024K, 75 young (76800K), 5 survivors (5120K)
 Metaspace       used 106462K, committed 108608K, reserved 1179648K
  class space    used 14533K, committed 15616K, reserved 1048576K
}
Event: 21.671 GC heap after
{Heap after GC invocations=41 (full 0):
 garbage-first heap   total 188416K, used 102256K [0x0000000080000000, 0x0000000100000000)
  region size 1024K, 9 young (9216K), 9 survivors (9216K)
 Metaspace       used 106462K, committed 108608K, reserved 1179648K
  class space    used 14533K, committed 15616K, reserved 1048576K
}
Event: 21.860 GC heap before
{Heap before GC invocations=41 (full 0):
 garbage-first heap   total 188416K, used 148336K [0x0000000080000000, 0x0000000100000000)
  region size 1024K, 56 young (57344K), 9 survivors (9216K)
 Metaspace       used 106514K, committed 108672K, reserved 1179648K
  class space    used 14536K, committed 15616K, reserved 1048576K
}
Event: 21.867 GC heap after
{Heap after GC invocations=42 (full 0):
 garbage-first heap   total 188416K, used 103436K [0x0000000080000000, 0x0000000100000000)
  region size 1024K, 4 young (4096K), 4 survivors (4096K)
 Metaspace       used 106514K, committed 108672K, reserved 1179648K
  class space    used 14536K, committed 15616K, reserved 1048576K
}
Event: 22.236 GC heap before
{Heap before GC invocations=43 (full 0):
 garbage-first heap   total 188416K, used 172044K [0x0000000080000000, 0x0000000100000000)
  region size 1024K, 71 young (72704K), 4 survivors (4096K)
 Metaspace       used 106636K, committed 108736K, reserved 1179648K
  class space    used 14549K, committed 15616K, reserved 1048576K
}
Event: 22.242 GC heap after
{Heap after GC invocations=44 (full 0):
 garbage-first heap   total 188416K, used 106470K [0x0000000080000000, 0x0000000100000000)
  region size 1024K, 7 young (7168K), 7 survivors (7168K)
 Metaspace       used 106636K, committed 108736K, reserved 1179648K
  class space    used 14549K, committed 15616K, reserved 1048576K
}
Event: 22.571 GC heap before
{Heap before GC invocations=44 (full 0):
 garbage-first heap   total 188416K, used 169958K [0x0000000080000000, 0x0000000100000000)
  region size 1024K, 69 young (70656K), 7 survivors (7168K)
 Metaspace       used 106803K, committed 108928K, reserved 1179648K
  class space    used 14573K, committed 15680K, reserved 1048576K
}
Event: 22.579 GC heap after
{Heap after GC invocations=45 (full 0):
 garbage-first heap   total 226304K, used 107054K [0x0000000080000000, 0x0000000100000000)
  region size 1024K, 5 young (5120K), 5 survivors (5120K)
 Metaspace       used 106803K, committed 108928K, reserved 1179648K
  class space    used 14573K, committed 15680K, reserved 1048576K
}
Event: 22.985 GC heap before
{Heap before GC invocations=45 (full 0):
 garbage-first heap   total 226304K, used 201262K [0x0000000080000000, 0x0000000100000000)
  region size 1024K, 98 young (100352K), 5 survivors (5120K)
 Metaspace       used 106885K, committed 108992K, reserved 1179648K
  class space    used 14578K, committed 15680K, reserved 1048576K
}
Event: 22.991 GC heap after
{Heap after GC invocations=46 (full 0):
 garbage-first heap   total 226304K, used 109397K [0x0000000080000000, 0x0000000100000000)
  region size 1024K, 7 young (7168K), 7 survivors (7168K)
 Metaspace       used 106885K, committed 108992K, reserved 1179648K
  class space    used 14578K, committed 15680K, reserved 1048576K
}
Event: 23.370 GC heap before
{Heap before GC invocations=46 (full 0):
 garbage-first heap   total 226304K, used 204629K [0x0000000080000000, 0x0000000100000000)
  region size 1024K, 101 young (103424K), 7 survivors (7168K)
 Metaspace       used 106953K, committed 109120K, reserved 1179648K
  class space    used 14580K, committed 15680K, reserved 1048576K
}
Event: 23.378 GC heap after
{Heap after GC invocations=47 (full 0):
 garbage-first heap   total 226304K, used 112257K [0x0000000080000000, 0x0000000100000000)
  region size 1024K, 10 young (10240K), 10 survivors (10240K)
 Metaspace       used 106953K, committed 109120K, reserved 1179648K
  class space    used 14580K, committed 15680K, reserved 1048576K
}
Event: 60.837 GC heap before
{Heap before GC invocations=47 (full 0):
 garbage-first heap   total 226304K, used 201345K [0x0000000080000000, 0x0000000100000000)
  region size 1024K, 98 young (100352K), 10 survivors (10240K)
 Metaspace       used 114494K, committed 116672K, reserved 1179648K
  class space    used 15303K, committed 16384K, reserved 1048576K
}
Event: 60.847 GC heap after
{Heap after GC invocations=48 (full 0):
 garbage-first heap   total 226304K, used 114698K [0x0000000080000000, 0x0000000100000000)
  region size 1024K, 8 young (8192K), 8 survivors (8192K)
 Metaspace       used 114494K, committed 116672K, reserved 1179648K
  class space    used 15303K, committed 16384K, reserved 1048576K
}

Dll operation events (3 events):
Event: 0.009 Loaded shared library C:\Program Files\Android\Android Studio\jbr\bin\java.dll
Event: 0.019 Loaded shared library C:\Program Files\Android\Android Studio\jbr\bin\zip.dll
Event: 0.801 Loaded shared library C:\Program Files\Android\Android Studio\jbr\bin\verify.dll

Deoptimization events (20 events):
Event: 61.326 Thread 0x0000013b23155190 DEOPT PACKING pc=0x0000013b0b071c0c sp=0x0000000ee40feda0
Event: 61.326 Thread 0x0000013b23155190 DEOPT UNPACKING pc=0x0000013b0a6046a2 sp=0x0000000ee40fed70 mode 2
Event: 61.351 Thread 0x0000013b1b3f5df0 Uncommon trap: trap_request=0xffffffc6 fr.pc=0x0000013b0b1cf5e8 relative=0x0000000000000688
Event: 61.351 Thread 0x0000013b1b3f5df0 Uncommon trap: reason=bimorphic_or_optimized_type_check action=maybe_recompile pc=0x0000013b0b1cf5e8 method=com.google.common.collect.ImmutableMapEntrySet.contains(Ljava/lang/Object;)Z @ 37 c2
Event: 61.351 Thread 0x0000013b1b3f5df0 DEOPT PACKING pc=0x0000013b0b1cf5e8 sp=0x0000000ee5ff93e0
Event: 61.351 Thread 0x0000013b1b3f5df0 DEOPT UNPACKING pc=0x0000013b0a6046a2 sp=0x0000000ee5ff9368 mode 2
Event: 61.351 Thread 0x0000013b1b3f5df0 Uncommon trap: trap_request=0xffffffc6 fr.pc=0x0000013b0b1cf5e8 relative=0x0000000000000688
Event: 61.351 Thread 0x0000013b1b3f5df0 Uncommon trap: reason=bimorphic_or_optimized_type_check action=maybe_recompile pc=0x0000013b0b1cf5e8 method=com.google.common.collect.ImmutableMapEntrySet.contains(Ljava/lang/Object;)Z @ 37 c2
Event: 61.351 Thread 0x0000013b1b3f5df0 DEOPT PACKING pc=0x0000013b0b1cf5e8 sp=0x0000000ee5ff93e0
Event: 61.351 Thread 0x0000013b1b3f5df0 DEOPT UNPACKING pc=0x0000013b0a6046a2 sp=0x0000000ee5ff9368 mode 2
Event: 61.351 Thread 0x0000013b1b3f5df0 Uncommon trap: trap_request=0xffffffc6 fr.pc=0x0000013b0b1cf5e8 relative=0x0000000000000688
Event: 61.351 Thread 0x0000013b1b3f5df0 Uncommon trap: reason=bimorphic_or_optimized_type_check action=maybe_recompile pc=0x0000013b0b1cf5e8 method=com.google.common.collect.ImmutableMapEntrySet.contains(Ljava/lang/Object;)Z @ 37 c2
Event: 61.351 Thread 0x0000013b1b3f5df0 DEOPT PACKING pc=0x0000013b0b1cf5e8 sp=0x0000000ee5ff93e0
Event: 61.352 Thread 0x0000013b1b3f5df0 DEOPT UNPACKING pc=0x0000013b0a6046a2 sp=0x0000000ee5ff9368 mode 2
Event: 61.352 Thread 0x0000013b1b3f5df0 Uncommon trap: trap_request=0xffffffc6 fr.pc=0x0000013b0b1cf5e8 relative=0x0000000000000688
Event: 61.352 Thread 0x0000013b1b3f5df0 Uncommon trap: reason=bimorphic_or_optimized_type_check action=maybe_recompile pc=0x0000013b0b1cf5e8 method=com.google.common.collect.ImmutableMapEntrySet.contains(Ljava/lang/Object;)Z @ 37 c2
Event: 61.352 Thread 0x0000013b1b3f5df0 DEOPT PACKING pc=0x0000013b0b1cf5e8 sp=0x0000000ee5ff93e0
Event: 61.352 Thread 0x0000013b1b3f5df0 DEOPT UNPACKING pc=0x0000013b0a6046a2 sp=0x0000000ee5ff9368 mode 2
Event: 61.379 Thread 0x0000013b1b3f5df0 DEOPT PACKING pc=0x0000013b03b02603 sp=0x0000000ee5ff7af0
Event: 61.379 Thread 0x0000013b1b3f5df0 DEOPT UNPACKING pc=0x0000013b0a604e42 sp=0x0000000ee5ff6f98 mode 0

Classes loaded (20 events):
Event: 23.808 Loading class java/time/temporal/TemporalQueries$2
Event: 23.808 Loading class java/time/temporal/TemporalQueries$2 done
Event: 23.808 Loading class java/time/temporal/TemporalQueries$3
Event: 23.808 Loading class java/time/temporal/TemporalQueries$3 done
Event: 23.808 Loading class java/time/temporal/TemporalQueries$4
Event: 23.808 Loading class java/time/temporal/TemporalQueries$4 done
Event: 23.808 Loading class java/time/temporal/TemporalQueries$5
Event: 23.808 Loading class java/time/temporal/TemporalQueries$5 done
Event: 23.808 Loading class java/time/temporal/TemporalQueries$6
Event: 23.808 Loading class java/time/temporal/TemporalQueries$6 done
Event: 23.808 Loading class java/time/temporal/TemporalQueries$7
Event: 23.808 Loading class java/time/temporal/TemporalQueries$7 done
Event: 23.808 Loading class java/time/LocalDate$1
Event: 23.809 Loading class java/time/LocalDate$1 done
Event: 23.986 Loading class java/util/concurrent/CompletableFuture$AsyncRun
Event: 23.986 Loading class java/util/concurrent/CompletableFuture$AsyncRun done
Event: 23.986 Loading class java/util/concurrent/ForkJoinTask$Aux
Event: 23.987 Loading class java/util/concurrent/ForkJoinTask$Aux done
Event: 60.651 Loading class jdk/internal/math/FormattedFPDecimal
Event: 60.652 Loading class jdk/internal/math/FormattedFPDecimal done

Classes unloaded (0 events):
No events

Classes redefined (0 events):
No events

Internal exceptions (20 events):
Event: 23.813 Thread 0x0000013b1b3f5df0 Exception <a 'java/lang/IncompatibleClassChangeError'{0x000000008c668828}: Found class java.lang.Object, but interface was expected> (0x000000008c668828) 
thrown [s\src\hotspot\share\interpreter\linkResolver.cpp, line 851]
Event: 23.814 Thread 0x0000013b1b3f5df0 Exception <a 'java/lang/NoSuchMethodError'{0x000000008c66ced8}: 'void java.lang.invoke.DelegatingMethodHandle$Holder.reinvoke_L(java.lang.Object, java.lang.Object, java.lang.Object, int)'> (0x000000008c66ced8) 
thrown [s\src\hotspot\share\interpreter\linkResolver.cpp, line 784]
Event: 23.901 Thread 0x0000013b1b3f5df0 Exception <a 'java/lang/IncompatibleClassChangeError'{0x000000008bfabc30}: Found class java.lang.Object, but interface was expected> (0x000000008bfabc30) 
thrown [s\src\hotspot\share\interpreter\linkResolver.cpp, line 851]
Event: 23.921 Thread 0x0000013b1b3f5df0 Implicit null exception at 0x0000013b0b2429ab to 0x0000013b0b2442ec
Event: 23.922 Thread 0x0000013b1b3f5df0 Exception <a 'java/lang/IncompatibleClassChangeError'{0x000000008bfd82c8}: Found class java.lang.Object, but interface was expected> (0x000000008bfd82c8) 
thrown [s\src\hotspot\share\interpreter\linkResolver.cpp, line 851]
Event: 23.936 Thread 0x0000013b1b3f5df0 Implicit null exception at 0x0000013b0b25afe7 to 0x0000013b0b25d700
Event: 23.936 Thread 0x0000013b1b3f5df0 Implicit null exception at 0x0000013b0b0432c0 to 0x0000013b0b043320
Event: 23.936 Thread 0x0000013b1b3f5df0 Implicit null exception at 0x0000013b0b1fcd4d to 0x0000013b0b1fd448
Event: 24.148 Thread 0x0000013b23158610 Exception <a 'sun/nio/fs/WindowsException'{0x000000008ab63330}> (0x000000008ab63330) 
thrown [s\src\hotspot\share\prims\jni.cpp, line 535]
Event: 24.148 Thread 0x0000013b23158610 Exception <a 'sun/nio/fs/WindowsException'{0x000000008ab63e48}> (0x000000008ab63e48) 
thrown [s\src\hotspot\share\prims\jni.cpp, line 535]
Event: 24.148 Thread 0x0000013b23158610 Exception <a 'sun/nio/fs/WindowsException'{0x000000008ab649a8}> (0x000000008ab649a8) 
thrown [s\src\hotspot\share\prims\jni.cpp, line 535]
Event: 24.151 Thread 0x0000013b23158610 Exception <a 'sun/nio/fs/WindowsException'{0x000000008abe8208}> (0x000000008abe8208) 
thrown [s\src\hotspot\share\prims\jni.cpp, line 535]
Event: 60.657 Thread 0x0000013b1b3f5df0 Implicit null exception at 0x0000013b0b24d651 to 0x0000013b0b252310
Event: 60.710 Thread 0x0000013b1b3f5df0 Exception <a 'sun/nio/fs/WindowsException'{0x0000000089454818}> (0x0000000089454818) 
thrown [s\src\hotspot\share\prims\jni.cpp, line 535]
Event: 60.710 Thread 0x0000013b1b3f5df0 Exception <a 'sun/nio/fs/WindowsException'{0x0000000089455ce8}> (0x0000000089455ce8) 
thrown [s\src\hotspot\share\prims\jni.cpp, line 535]
Event: 60.712 Thread 0x0000013b1b3f5df0 Exception <a 'sun/nio/fs/WindowsException'{0x00000000894571a8}> (0x00000000894571a8) 
thrown [s\src\hotspot\share\prims\jni.cpp, line 535]
Event: 60.712 Thread 0x0000013b1b3f5df0 Exception <a 'sun/nio/fs/WindowsException'{0x0000000089458648}> (0x0000000089458648) 
thrown [s\src\hotspot\share\prims\jni.cpp, line 535]
Event: 60.811 Thread 0x0000013b1b3f5df0 Exception <a 'sun/nio/fs/WindowsException'{0x00000000885f55c8}> (0x00000000885f55c8) 
thrown [s\src\hotspot\share\prims\jni.cpp, line 535]
Event: 60.811 Thread 0x0000013b1b3f5df0 Exception <a 'sun/nio/fs/WindowsException'{0x00000000885f6da0}> (0x00000000885f6da0) 
thrown [s\src\hotspot\share\prims\jni.cpp, line 535]
Event: 60.812 Thread 0x0000013b1b3f5df0 Exception <a 'sun/nio/fs/WindowsException'{0x00000000885fa730}> (0x00000000885fa730) 
thrown [s\src\hotspot\share\prims\jni.cpp, line 535]

ZGC Phase Switch (0 events):
No events

VM Operations (20 events):
Event: 33.976 Executing VM operation: Cleanup
Event: 33.976 Executing VM operation: Cleanup done
Event: 44.095 Executing VM operation: Cleanup
Event: 44.095 Executing VM operation: Cleanup done
Event: 49.156 Executing VM operation: Cleanup
Event: 49.156 Executing VM operation: Cleanup done
Event: 53.200 Executing VM operation: Cleanup
Event: 53.200 Executing VM operation: Cleanup done
Event: 57.246 Executing VM operation: Cleanup
Event: 57.246 Executing VM operation: Cleanup done
Event: 60.035 Executing VM operation: HandshakeAllThreads (HandshakeForDeflation)
Event: 60.035 Executing VM operation: HandshakeAllThreads (HandshakeForDeflation) done
Event: 60.035 Executing VM operation: RendezvousGCThreads
Event: 60.035 Executing VM operation: RendezvousGCThreads done
Event: 60.837 Executing VM operation: G1CollectForAllocation (G1 Evacuation Pause)
Event: 60.853 Executing VM operation: G1CollectForAllocation (G1 Evacuation Pause) done
Event: 60.973 Executing VM operation: G1PauseRemark
Event: 61.001 Executing VM operation: G1PauseRemark done
Event: 61.048 Executing VM operation: G1PauseCleanup
Event: 61.048 Executing VM operation: G1PauseCleanup done

Events (20 events):
Event: 61.243 Thread 0x0000013b20b5f7c0 Thread added: 0x0000013b20b5f7c0
Event: 61.244 Thread 0x0000013b20b5f130 Thread added: 0x0000013b20b5f130
Event: 61.244 Thread 0x0000013b20b63960 Thread added: 0x0000013b20b63960
Event: 61.244 Thread 0x0000013b20b61890 Thread added: 0x0000013b20b61890
Event: 61.244 Thread 0x0000013b20b632d0 Thread added: 0x0000013b20b632d0
Event: 61.244 Thread 0x0000013b20b60b70 Thread added: 0x0000013b20b60b70
Event: 61.245 Thread 0x0000013b20b63ff0 Thread added: 0x0000013b20b63ff0
Event: 61.245 Thread 0x0000013b20b64d10 Thread added: 0x0000013b20b64d10
Event: 61.298 Thread 0x0000013b20b65a30 Thread added: 0x0000013b20b65a30
Event: 61.298 Thread 0x0000013b1ea0c7b0 Thread added: 0x0000013b1ea0c7b0
Event: 61.298 Thread 0x0000013b1ea09330 Thread added: 0x0000013b1ea09330
Event: 61.299 Thread 0x0000013b1ea0ce40 Thread added: 0x0000013b1ea0ce40
Event: 61.299 Thread 0x0000013b1ea0ba90 Thread added: 0x0000013b1ea0ba90
Event: 61.300 Thread 0x0000013b1ea07260 Thread added: 0x0000013b1ea07260
Event: 61.300 Thread 0x0000013b1ea07f80 Thread added: 0x0000013b1ea07f80
Event: 61.300 Thread 0x0000013b1ea0db60 Thread added: 0x0000013b1ea0db60
Event: 61.301 Thread 0x0000013b1ea099c0 Thread added: 0x0000013b1ea099c0
Event: 61.301 Thread 0x0000013b1ea08ca0 Thread added: 0x0000013b1ea08ca0
Event: 61.301 Thread 0x0000013b1ea0d4d0 Thread added: 0x0000013b1ea0d4d0
Event: 61.379 Thread 0x0000013b1ea0ad70 Thread added: 0x0000013b1ea0ad70


Dynamic libraries:
0x00007ff7f7450000 - 0x00007ff7f745a000 	C:\Program Files\Android\Android Studio\jbr\bin\java.exe
0x00007ff954ed0000 - 0x00007ff9550c8000 	C:\WINDOWS\SYSTEM32\ntdll.dll
0x00007ff9542e0000 - 0x00007ff9543a2000 	C:\WINDOWS\System32\KERNEL32.DLL
0x00007ff9526b0000 - 0x00007ff9529af000 	C:\WINDOWS\System32\KERNELBASE.dll
0x00007ff952df0000 - 0x00007ff952ef0000 	C:\WINDOWS\System32\ucrtbase.dll
0x00007ff94de50000 - 0x00007ff94de6b000 	C:\Program Files\Android\Android Studio\jbr\bin\VCRUNTIME140.dll
0x00007ff93a7e0000 - 0x00007ff93a7f8000 	C:\Program Files\Android\Android Studio\jbr\bin\jli.dll
0x00007ff954410000 - 0x00007ff9545ad000 	C:\WINDOWS\System32\USER32.dll
0x00007ff952a80000 - 0x00007ff952aa2000 	C:\WINDOWS\System32\win32u.dll
0x00007ff947110000 - 0x00007ff9473aa000 	C:\WINDOWS\WinSxS\amd64_microsoft.windows.common-controls_6595b64144ccf1df_6.0.19041.4355_none_60b8b9eb71f62e16\COMCTL32.dll
0x00007ff954a30000 - 0x00007ff954a5b000 	C:\WINDOWS\System32\GDI32.dll
0x00007ff954a90000 - 0x00007ff954b2e000 	C:\WINDOWS\System32\msvcrt.dll
0x00007ff952c80000 - 0x00007ff952d9a000 	C:\WINDOWS\System32\gdi32full.dll
0x00007ff9529e0000 - 0x00007ff952a7d000 	C:\WINDOWS\System32\msvcp_win.dll
0x00007ff953fc0000 - 0x00007ff953fef000 	C:\WINDOWS\System32\IMM32.DLL
0x00007ff94e9e0000 - 0x00007ff94e9ec000 	C:\Program Files\Android\Android Studio\jbr\bin\vcruntime140_1.dll
0x00007ff8d5f60000 - 0x00007ff8d5fed000 	C:\Program Files\Android\Android Studio\jbr\bin\msvcp140.dll
0x00007ff8bee70000 - 0x00007ff8bfaed000 	C:\Program Files\Android\Android Studio\jbr\bin\server\jvm.dll
0x00007ff953c30000 - 0x00007ff953cdf000 	C:\WINDOWS\System32\ADVAPI32.dll
0x00007ff953ae0000 - 0x00007ff953b7f000 	C:\WINDOWS\System32\sechost.dll
0x00007ff954cf0000 - 0x00007ff954e13000 	C:\WINDOWS\System32\RPCRT4.dll
0x00007ff9529b0000 - 0x00007ff9529d7000 	C:\WINDOWS\System32\bcrypt.dll
0x00007ff954e20000 - 0x00007ff954e8b000 	C:\WINDOWS\System32\WS2_32.dll
0x00007ff951a70000 - 0x00007ff951abb000 	C:\WINDOWS\SYSTEM32\POWRPROF.dll
0x00007ff94e380000 - 0x00007ff94e38a000 	C:\WINDOWS\SYSTEM32\VERSION.dll
0x00007ff943090000 - 0x00007ff9430b7000 	C:\WINDOWS\SYSTEM32\WINMM.dll
0x00007ff951930000 - 0x00007ff951942000 	C:\WINDOWS\SYSTEM32\UMPDC.dll
0x00007ff9503b0000 - 0x00007ff9503c2000 	C:\WINDOWS\SYSTEM32\kernel.appcore.dll
0x00007ff94dcf0000 - 0x00007ff94dcfa000 	C:\Program Files\Android\Android Studio\jbr\bin\jimage.dll
0x00007ff942750000 - 0x00007ff942934000 	C:\WINDOWS\SYSTEM32\DBGHELP.DLL
0x00007ff91efe0000 - 0x00007ff91f014000 	C:\WINDOWS\SYSTEM32\dbgcore.DLL
0x00007ff952570000 - 0x00007ff9525f2000 	C:\WINDOWS\System32\bcryptPrimitives.dll
0x00007ff93bd80000 - 0x00007ff93bd8e000 	C:\Program Files\Android\Android Studio\jbr\bin\instrument.dll
0x00007ff94cd60000 - 0x00007ff94cd7f000 	C:\Program Files\Android\Android Studio\jbr\bin\java.dll
0x00007ff941b00000 - 0x00007ff941b18000 	C:\Program Files\Android\Android Studio\jbr\bin\zip.dll
0x00007ff952ef0000 - 0x00007ff95365d000 	C:\WINDOWS\System32\SHELL32.dll
0x00007ff9505b0000 - 0x00007ff950d54000 	C:\WINDOWS\SYSTEM32\windows.storage.dll
0x00007ff9546d0000 - 0x00007ff954a25000 	C:\WINDOWS\System32\combase.dll
0x00007ff951fa0000 - 0x00007ff951fcb000 	C:\WINDOWS\SYSTEM32\Wldp.dll
0x00007ff954210000 - 0x00007ff9542dd000 	C:\WINDOWS\System32\OLEAUT32.dll
0x00007ff954160000 - 0x00007ff95420d000 	C:\WINDOWS\System32\SHCORE.dll
0x00007ff953f60000 - 0x00007ff953fb5000 	C:\WINDOWS\System32\shlwapi.dll
0x00007ff9524a0000 - 0x00007ff9524c5000 	C:\WINDOWS\SYSTEM32\profapi.dll
0x00007ff94dce0000 - 0x00007ff94dcf0000 	C:\Program Files\Android\Android Studio\jbr\bin\net.dll
0x00007ff94b6b0000 - 0x00007ff94b7ba000 	C:\WINDOWS\SYSTEM32\WINHTTP.dll
0x00007ff951cb0000 - 0x00007ff951d1c000 	C:\WINDOWS\system32\mswsock.dll
0x00007ff941ae0000 - 0x00007ff941af6000 	C:\Program Files\Android\Android Studio\jbr\bin\nio.dll
0x00007ff94cec0000 - 0x00007ff94ced0000 	C:\Program Files\Android\Android Studio\jbr\bin\verify.dll
0x00007ff93bbf0000 - 0x00007ff93bc17000 	C:\Users\Azlan\.gradle\native\c067742578af261105cb4f569cf0c3c89f3d7b1fecec35dd04571415982c5e48\windows-amd64\native-platform.dll
0x00007ff8c0d00000 - 0x00007ff8c0e44000 	C:\Users\Azlan\.gradle\native\100fb08df4bc3b14c8652ba06237920a3bd2aa13389f12d3474272988ae205f9\windows-amd64\native-platform-file-events.dll
0x00007ff9407f0000 - 0x00007ff9407f9000 	C:\Program Files\Android\Android Studio\jbr\bin\management.dll
0x00007ff93fdf0000 - 0x00007ff93fdfb000 	C:\Program Files\Android\Android Studio\jbr\bin\management_ext.dll
0x00007ff954a60000 - 0x00007ff954a68000 	C:\WINDOWS\System32\PSAPI.DLL
0x00007ff951e70000 - 0x00007ff951e88000 	C:\WINDOWS\SYSTEM32\CRYPTSP.dll
0x00007ff951570000 - 0x00007ff9515a8000 	C:\WINDOWS\system32\rsaenh.dll
0x00007ff952420000 - 0x00007ff95244e000 	C:\WINDOWS\SYSTEM32\USERENV.dll
0x00007ff951e90000 - 0x00007ff951e9c000 	C:\WINDOWS\SYSTEM32\CRYPTBASE.dll
0x00007ff951950000 - 0x00007ff95198b000 	C:\WINDOWS\SYSTEM32\IPHLPAPI.DLL
0x00007ff954b30000 - 0x00007ff954b38000 	C:\WINDOWS\System32\NSI.dll
0x00007ff941310000 - 0x00007ff941319000 	C:\Program Files\Android\Android Studio\jbr\bin\extnet.dll
0x00007ff941ad0000 - 0x00007ff941ad7000 	C:\WINDOWS\system32\wshunix.dll

dbghelp: loaded successfully - version: 4.0.5 - missing functions: none
symbol engine: initialized successfully - sym options: 0x614 - pdb path: .;C:\Program Files\Android\Android Studio\jbr\bin;C:\WINDOWS\SYSTEM32;C:\WINDOWS\WinSxS\amd64_microsoft.windows.common-controls_6595b64144ccf1df_6.0.19041.4355_none_60b8b9eb71f62e16;C:\Program Files\Android\Android Studio\jbr\bin\server;C:\Users\Azlan\.gradle\native\c067742578af261105cb4f569cf0c3c89f3d7b1fecec35dd04571415982c5e48\windows-amd64;C:\Users\Azlan\.gradle\native\100fb08df4bc3b14c8652ba06237920a3bd2aa13389f12d3474272988ae205f9\windows-amd64

VM Arguments:
jvm_args: --add-opens=java.base/java.util=ALL-UNNAMED --add-opens=java.base/java.lang=ALL-UNNAMED --add-opens=java.base/java.lang.invoke=ALL-UNNAMED --add-opens=java.prefs/java.util.prefs=ALL-UNNAMED --add-exports=jdk.compiler/com.sun.tools.javac.api=ALL-UNNAMED --add-exports=jdk.compiler/com.sun.tools.javac.util=ALL-UNNAMED --add-opens=java.base/java.nio.charset=ALL-UNNAMED --add-opens=java.base/java.net=ALL-UNNAMED --add-opens=java.base/java.util.concurrent.atomic=ALL-UNNAMED -Xmx2048m -Dfile.encoding=UTF-8 -Duser.country=IN -Duser.language=en -Duser.variant -javaagent:C:\Users\Azlan\.gradle\wrapper\dists\gradle-8.9-bin\90cnw93cvbtalezasaz0blq0a\gradle-8.9\lib\agents\gradle-instrumentation-agent-8.9.jar 
java_command: org.gradle.launcher.daemon.bootstrap.GradleDaemon 8.9
java_class_path (initial): C:\Users\Azlan\.gradle\wrapper\dists\gradle-8.9-bin\90cnw93cvbtalezasaz0blq0a\gradle-8.9\lib\gradle-daemon-main-8.9.jar
Launcher Type: SUN_STANDARD

[Global flags]
     intx CICompilerCount                          = 4                                         {product} {ergonomic}
     uint ConcGCThreads                            = 3                                         {product} {ergonomic}
     uint G1ConcRefinementThreads                  = 10                                        {product} {ergonomic}
   size_t G1HeapRegionSize                         = 1048576                                   {product} {ergonomic}
    uintx GCDrainStackTargetSize                   = 64                                        {product} {ergonomic}
   size_t InitialHeapSize                          = 266338304                                 {product} {ergonomic}
   size_t MarkStackSize                            = 4194304                                   {product} {ergonomic}
   size_t MaxHeapSize                              = 2147483648                                {product} {command line}
   size_t MaxNewSize                               = 1287651328                                {product} {ergonomic}
   size_t MinHeapDeltaBytes                        = 1048576                                   {product} {ergonomic}
   size_t MinHeapSize                              = 8388608                                   {product} {ergonomic}
    uintx NonNMethodCodeHeapSize                   = 5839372                                {pd product} {ergonomic}
    uintx NonProfiledCodeHeapSize                  = 122909434                              {pd product} {ergonomic}
    uintx ProfiledCodeHeapSize                     = 122909434                              {pd product} {ergonomic}
    uintx ReservedCodeCacheSize                    = 251658240                              {pd product} {ergonomic}
     bool SegmentedCodeCache                       = true                                      {product} {ergonomic}
   size_t SoftMaxHeapSize                          = 2147483648                             {manageable} {ergonomic}
     bool UseCompressedOops                        = true                           {product lp64_product} {ergonomic}
     bool UseG1GC                                  = true                                      {product} {ergonomic}
     bool UseLargePagesIndividualAllocation        = false                                  {pd product} {ergonomic}

Logging:
Log output configuration:
 #0: stdout all=warning uptime,level,tags foldmultilines=false
 #1: stderr all=off uptime,level,tags foldmultilines=false

Environment Variables:
JAVA_HOME=C:\Program Files\Java\jdk-19
PATH=C:\Program Files\Common Files\Oracle\Java\javapath;C:\Program Files (x86)\Common Files\Oracle\Java\javapath;C:\ProgramData\Oracle\Java\javapath;C:\Users\Azlan\AppData\Local\Programs\Python\Python39\Scripts;JAVA_HOME;%AppData%\npm;C:\Windows\system32;C:\Windows;C:\Windows\System32\Wbem;C:\Windows\System32\WindowsPowerShell\v1.0\;C:\Windows\System32\OpenSSH\;C:\Program Files (x86)\NVIDIA Corporation\PhysX\Common;C:\WINDOWS\system32;C:\WINDOWS;C:\WINDOWS\System32\Wbem;C:\WINDOWS\System32\WindowsPowerShell\v1.0\;C:\WINDOWS\System32\OpenSSH\;C:\ProgramData\chocolatey\bin;C:\Program Files (x86)\Microsoft SQL Server\150\DTS\Binn\;C:\Program Files\Azure Data Studio\bin;C:\Program Files\Microsoft SQL Server\Client SDK\ODBC\170\Tools\Binn\;C:\Program Files (x86)\Microsoft SQL Server\150\Tools\Binn\;C:\Program Files\Microsoft SQL Server\150\Tools\Binn\;C:\Program Files\Microsoft SQL Server\150\DTS\Binn\;C:\Users\Azlan\AppData\Local\Programs\Python\Python39;C:\MinGW\bin;C:\Program Files\Java\jdk-19\bin;C:\Users\Azlan\AppData\Roaming\npm;C:\Users\Azlan\AppData\Roaming\nvm;C:\Program Files\nodejs;C:\Program Files\dotnet\;C:\Program Files\Git\cmd;;C:\Program Files\NVIDIA Corporation\NVIDIA app\NvDLISR;C:\Program Files\Filestar;C:\ProgramData\Filestar\aliases;C:\Program Files (x86)\Microsoft SQL Server\160\Tools\Binn\;C:\Program Files\Microsoft SQL Server\160\Tools\Binn\;C:\Program Files\Microsoft SQL Server\160\DTS\Binn\;C:\Program Files (x86)\Microsoft SQL Server\160\DTS\Binn\;C:\Program Files\Java\jdk-19;C:\Users\Azlan\AppData\Local\Programs\oh-my-posh\bin;C:\Users\Azlan\AppData\Local\Programs\Microsoft VS Code\bin;C:\Users\Azlan\AppData\Roaming\nvm;C:\Program Files\nodejs;C:\Users\Azlan\.dotnet\tools
USERNAME=Azlan
OS=Windows_NT
PROCESSOR_IDENTIFIER=Intel64 Family 6 Model 165 Stepping 2, GenuineIntel
TMP=C:\Users\Azlan\AppData\Local\Temp
TEMP=C:\Users\Azlan\AppData\Local\Temp




Periodic native trim disabled

JNI global refs:
JNI global refs: 31, weak refs: 9

JNI global refs memory usage: 835, weak refs: 833

Process memory usage:
Resident Set Size: 535236K (3% of 16593524K total physical memory with 690056K free physical memory)

OOME stack traces (most recent first):
Classloader memory used:
Loader org.gradle.internal.classloader.VisitableURLClassLoader                         : 40403K
Loader org.gradle.internal.classloader.VisitableURLClassLoader$InstrumentingVisitableURLClassLoader: 32175K
Loader bootstrap                                                                       : 29016K
Loader org.gradle.initialization.MixInLegacyTypesClassLoader                           : 11749K
Loader jdk.internal.loader.ClassLoaders$PlatformClassLoader                            : 534K
Loader jdk.internal.reflect.DelegatingClassLoader                                      : 322K
Loader org.gradle.internal.classloader.VisitableURLClassLoader                         : 241K
Loader jdk.internal.loader.ClassLoaders$AppClassLoader                                 : 230K
Loader sun.reflect.misc.MethodUtil                                                     : 3000B


[error occurred during error reporting (Classloader stats), id 0xe0000001, Out of Memory Error (s\src\hotspot\share\memory\arena.cpp:168)]
---------------  S Y S T E M  ---------------

OS:
 Windows 10 , 64 bit Build 19041 (10.0.19041.5438)
OS uptime: 5 days 7:15 hours
Hyper-V role detected

CPU: total 12 (initial active 12) (6 cores per cpu, 2 threads per core) family 6 model 165 stepping 2 microcode 0xc8, cx8, cmov, fxsr, ht, mmx, 3dnowpref, sse, sse2, sse3, ssse3, sse4.1, sse4.2, popcnt, lzcnt, tsc, tscinvbit, avx, avx2, aes, erms, clmul, bmi1, bmi2, adx, fma, vzeroupper, clflush, clflushopt, hv, rdtscp, f16c
Processor Information for all 12 processors :
  Max Mhz: 2592, Current Mhz: 2292, Mhz Limit: 2592

Memory: 4k page, system-wide physical 16204M (668M free)
TotalPageFile size 35879M (AvailPageFile size 2M)
current process WorkingSet (physical memory assigned to process): 525M, peak: 530M
current process commit charge ("private bytes"): 566M, peak: 575M

vm_info: OpenJDK 64-Bit Server VM (21.0.3+-12282718-b509.11) for windows-amd64 JRE (21.0.3+-12282718-b509.11), built on 2024-08-27T17:34:15Z by "builder" with MS VC++ 16.10 / 16.11 (VS2019)

END.
